Started GET "/articles" for ::1 at 2025-04-22 10:39:40 +0500
  [1m[35m (37.2ms)[0m  [1m[35mCREATE TABLE "schema_migrations" ("version" varchar NOT NULL PRIMARY KEY) /*application='MessageMe'*/[0m
  [1m[35m (0.2ms)[0m  [1m[35mCREATE TABLE "ar_internal_metadata" ("key" varchar NOT NULL PRIMARY KEY, "value" varchar, "created_at" datetime(6) NOT NULL, "updated_at" datetime(6) NOT NULL) /*application='MessageMe'*/[0m
  [1m[36mActiveRecord::SchemaMigration Load (0.1ms)[0m  [1m[34mSELECT "schema_migrations"."version" FROM "schema_migrations" ORDER BY "schema_migrations"."version" ASC /*application='MessageMe'*/[0m
  
ActionController::RoutingError (No route matches [GET] "/articles"):
  
Started GET "/articles" for ::1 at 2025-04-22 10:39:41 +0500
  
ActionController::RoutingError (No route matches [GET] "/articles"):
  
Started GET "/favicon.ico" for ::1 at 2025-04-22 10:39:42 +0500
  
ActionController::RoutingError (No route matches [GET] "/favicon.ico"):
  
Started GET "/" for ::1 at 2025-04-22 10:39:44 +0500
Processing by Rails::WelcomeController#index as HTML
  Rendering C:/Ruby34-x64/lib/ruby/gems/3.4.0/gems/railties-8.0.2/lib/rails/templates/rails/welcome/index.html.erb
  Rendered C:/Ruby34-x64/lib/ruby/gems/3.4.0/gems/railties-8.0.2/lib/rails/templates/rails/welcome/index.html.erb (Duration: 0.7ms | GC: 0.0ms)
Completed 200 OK in 1280ms (Views: 1.9ms | ActiveRecord: 0.0ms (0 queries, 0 cached) | GC: 0.0ms)


Started GET "/" for ::1 at 2025-04-22 11:10:51 +0500
  [1m[36mActiveRecord::SchemaMigration Load (0.2ms)[0m  [1m[34mSELECT "schema_migrations"."version" FROM "schema_migrations" ORDER BY "schema_migrations"."version" ASC /*application='MessageMe'*/[0m
Processing by Rails::WelcomeController#index as HTML
  Rendering C:/Ruby34-x64/lib/ruby/gems/3.4.0/gems/railties-8.0.2/lib/rails/templates/rails/welcome/index.html.erb
  Rendered C:/Ruby34-x64/lib/ruby/gems/3.4.0/gems/railties-8.0.2/lib/rails/templates/rails/welcome/index.html.erb (Duration: 0.9ms | GC: 0.0ms)
Completed 200 OK in 1338ms (Views: 8.6ms | ActiveRecord: 0.0ms (0 queries, 0 cached) | GC: 0.0ms)


Started GET "/" for ::1 at 2025-04-22 11:11:12 +0500
  
Zeitwerk::NameError (expected file E:/asad project/ruby training/message me demo/message_me/app/controllers/pages_controller.rb to define constant PagesController, but didn't):
  
zeitwerk (2.7.2) lib/zeitwerk/loader/callbacks.rb:32:in 'Zeitwerk::Loader::Callbacks#on_file_autoloaded'
zeitwerk (2.7.2) lib/zeitwerk/core_ext/kernel.rb:27:in 'Kernel#require'
activesupport (8.0.2) lib/active_support/inflector/methods.rb:290:in 'Module#const_get'
activesupport (8.0.2) lib/active_support/inflector/methods.rb:290:in 'ActiveSupport::Inflector#constantize'
activesupport (8.0.2) lib/active_support/core_ext/string/inflections.rb:74:in 'String#constantize'
actionpack (8.0.2) lib/action_dispatch/http/request.rb:99:in 'ActionDispatch::Request#controller_class_for'
actionpack (8.0.2) lib/action_dispatch/request/utils.rb:108:in 'ActionDispatch::Request::Utils::CustomParamEncoder.action_encoding_template'
actionpack (8.0.2) lib/action_dispatch/request/utils.rb:102:in 'ActionDispatch::Request::Utils::CustomParamEncoder.encode'
actionpack (8.0.2) lib/action_dispatch/request/utils.rb:47:in 'ActionDispatch::Request::Utils.set_binary_encoding'
actionpack (8.0.2) lib/action_dispatch/http/parameters.rb:70:in 'ActionDispatch::Http::Parameters#path_parameters='
actionpack (8.0.2) lib/action_dispatch/journey/router.rb:50:in 'block in ActionDispatch::Journey::Router#serve'
actionpack (8.0.2) lib/action_dispatch/journey/router.rb:133:in 'block in ActionDispatch::Journey::Router#find_routes'
actionpack (8.0.2) lib/action_dispatch/journey/router.rb:126:in 'Array#each'
actionpack (8.0.2) lib/action_dispatch/journey/router.rb:126:in 'ActionDispatch::Journey::Router#find_routes'
actionpack (8.0.2) lib/action_dispatch/journey/router.rb:34:in 'ActionDispatch::Journey::Router#serve'
actionpack (8.0.2) lib/action_dispatch/routing/route_set.rb:908:in 'ActionDispatch::Routing::RouteSet#call'
railties (8.0.2) lib/rails/engine/lazy_route_set.rb:68:in 'Rails::Engine::LazyRouteSet#call'
rack (3.1.13) lib/rack/tempfile_reaper.rb:20:in 'Rack::TempfileReaper#call'
rack (3.1.13) lib/rack/etag.rb:29:in 'Rack::ETag#call'
rack (3.1.13) lib/rack/conditional_get.rb:31:in 'Rack::ConditionalGet#call'
rack (3.1.13) lib/rack/head.rb:15:in 'Rack::Head#call'
actionpack (8.0.2) lib/action_dispatch/http/permissions_policy.rb:38:in 'ActionDispatch::PermissionsPolicy::Middleware#call'
actionpack (8.0.2) lib/action_dispatch/http/content_security_policy.rb:38:in 'ActionDispatch::ContentSecurityPolicy::Middleware#call'
rack-session (2.1.0) lib/rack/session/abstract/id.rb:274:in 'Rack::Session::Abstract::Persisted#context'
rack-session (2.1.0) lib/rack/session/abstract/id.rb:268:in 'Rack::Session::Abstract::Persisted#call'
actionpack (8.0.2) lib/action_dispatch/middleware/cookies.rb:706:in 'ActionDispatch::Cookies#call'
activerecord (8.0.2) lib/active_record/migration.rb:671:in 'ActiveRecord::Migration::CheckPending#call'
actionpack (8.0.2) lib/action_dispatch/middleware/callbacks.rb:31:in 'block in ActionDispatch::Callbacks#call'
activesupport (8.0.2) lib/active_support/callbacks.rb:100:in 'ActiveSupport::Callbacks#run_callbacks'
actionpack (8.0.2) lib/action_dispatch/middleware/callbacks.rb:30:in 'ActionDispatch::Callbacks#call'
actionpack (8.0.2) lib/action_dispatch/middleware/executor.rb:16:in 'ActionDispatch::Executor#call'
actionpack (8.0.2) lib/action_dispatch/middleware/actionable_exceptions.rb:18:in 'ActionDispatch::ActionableExceptions#call'
actionpack (8.0.2) lib/action_dispatch/middleware/debug_exceptions.rb:31:in 'ActionDispatch::DebugExceptions#call'
web-console (4.2.1) lib/web_console/middleware.rb:132:in 'WebConsole::Middleware#call_app'
web-console (4.2.1) lib/web_console/middleware.rb:28:in 'block in WebConsole::Middleware#call'
web-console (4.2.1) lib/web_console/middleware.rb:17:in 'Kernel#catch'
web-console (4.2.1) lib/web_console/middleware.rb:17:in 'WebConsole::Middleware#call'
actionpack (8.0.2) lib/action_dispatch/middleware/show_exceptions.rb:32:in 'ActionDispatch::ShowExceptions#call'
railties (8.0.2) lib/rails/rack/logger.rb:41:in 'Rails::Rack::Logger#call_app'
railties (8.0.2) lib/rails/rack/logger.rb:29:in 'Rails::Rack::Logger#call'
actionpack (8.0.2) lib/action_dispatch/middleware/remote_ip.rb:96:in 'ActionDispatch::RemoteIp#call'
actionpack (8.0.2) lib/action_dispatch/middleware/request_id.rb:34:in 'ActionDispatch::RequestId#call'
rack (3.1.13) lib/rack/method_override.rb:28:in 'Rack::MethodOverride#call'
rack (3.1.13) lib/rack/runtime.rb:24:in 'Rack::Runtime#call'
actionpack (8.0.2) lib/action_dispatch/middleware/server_timing.rb:61:in 'block in ActionDispatch::ServerTiming#call'
actionpack (8.0.2) lib/action_dispatch/middleware/server_timing.rb:26:in 'ActionDispatch::ServerTiming::Subscriber#collect_events'
actionpack (8.0.2) lib/action_dispatch/middleware/server_timing.rb:60:in 'ActionDispatch::ServerTiming#call'
actionpack (8.0.2) lib/action_dispatch/middleware/executor.rb:16:in 'ActionDispatch::Executor#call'
actionpack (8.0.2) lib/action_dispatch/middleware/static.rb:27:in 'ActionDispatch::Static#call'
rack (3.1.13) lib/rack/sendfile.rb:114:in 'Rack::Sendfile#call'
actionpack (8.0.2) lib/action_dispatch/middleware/host_authorization.rb:143:in 'ActionDispatch::HostAuthorization#call'
railties (8.0.2) lib/rails/engine.rb:535:in 'Rails::Engine#call'
puma (6.6.0) lib/puma/configuration.rb:279:in 'Puma::Configuration::ConfigMiddleware#call'
puma (6.6.0) lib/puma/request.rb:99:in 'block in Puma::Request#handle_request'
puma (6.6.0) lib/puma/thread_pool.rb:390:in 'Puma::ThreadPool#with_force_shutdown'
puma (6.6.0) lib/puma/request.rb:98:in 'Puma::Request#handle_request'
puma (6.6.0) lib/puma/server.rb:472:in 'Puma::Server#process_client'
puma (6.6.0) lib/puma/server.rb:254:in 'block in Puma::Server#run'
puma (6.6.0) lib/puma/thread_pool.rb:167:in 'block in Puma::ThreadPool#spawn_thread'
Started GET "/" for ::1 at 2025-04-22 11:12:38 +0500
Processing by PagesController#index as HTML
  Rendering layout layouts/application.html.erb
  Rendering pages/index.html.erb within layouts/application
  Rendered pages/index.html.erb within layouts/application (Duration: 0.5ms | GC: 0.0ms)
  Rendered layout layouts/application.html.erb (Duration: 18.3ms | GC: 0.0ms)
Completed 200 OK in 791ms (Views: 24.3ms | ActiveRecord: 0.0ms (0 queries, 0 cached) | GC: 0.0ms)


Started GET "/assets/application-8b441ae0.css" for ::1 at 2025-04-22 11:12:39 +0500
Started GET "/assets/turbo.min-1262d735.js" for ::1 at 2025-04-22 11:12:39 +0500
Started GET "/assets/stimulus.min-4b1e420e.js" for ::1 at 2025-04-22 11:12:39 +0500
Started GET "/assets/controllers/index-ee64e1f1.js" for ::1 at 2025-04-22 11:12:40 +0500
Started GET "/assets/controllers/hello_controller-708796bd.js" for ::1 at 2025-04-22 11:12:40 +0500
Started GET "/assets/application-bfcdf840.js" for ::1 at 2025-04-22 11:12:40 +0500
Started GET "/assets/stimulus-loading-1fc53fe7.js" for ::1 at 2025-04-22 11:12:40 +0500
Started GET "/assets/controllers/application-3affb389.js" for ::1 at 2025-04-22 11:12:40 +0500
Started GET "/" for ::1 at 2025-04-22 11:13:32 +0500
Processing by PagesController#index as HTML
  Rendering layout layouts/application.html.erb
  Rendering pages/index.html.erb within layouts/application
  Rendered pages/index.html.erb within layouts/application (Duration: 0.6ms | GC: 0.0ms)
  Rendered layout layouts/application.html.erb (Duration: 44.8ms | GC: 0.0ms)
Completed 200 OK in 711ms (Views: 51.1ms | ActiveRecord: 0.0ms (0 queries, 0 cached) | GC: 0.2ms)


Started GET "/login" for ::1 at 2025-04-22 11:14:46 +0500
  
ActionController::RoutingError (No route matches [GET] "/login"):
  
Started GET "/login" for ::1 at 2025-04-22 11:14:53 +0500
  
AbstractController::ActionNotFound (The action 'login' could not be found for PagesController):
  
actionpack (8.0.2) lib/abstract_controller/base.rb:158:in 'AbstractController::Base#process'
actionview (8.0.2) lib/action_view/rendering.rb:40:in 'ActionView::Rendering#process'
actionpack (8.0.2) lib/action_controller/metal.rb:252:in 'ActionController::Metal#dispatch'
actionpack (8.0.2) lib/action_controller/metal.rb:335:in 'ActionController::Metal.dispatch'
actionpack (8.0.2) lib/action_dispatch/routing/route_set.rb:67:in 'ActionDispatch::Routing::RouteSet::Dispatcher#dispatch'
actionpack (8.0.2) lib/action_dispatch/routing/route_set.rb:50:in 'ActionDispatch::Routing::RouteSet::Dispatcher#serve'
actionpack (8.0.2) lib/action_dispatch/journey/router.rb:53:in 'block in ActionDispatch::Journey::Router#serve'
actionpack (8.0.2) lib/action_dispatch/journey/router.rb:133:in 'block in ActionDispatch::Journey::Router#find_routes'
actionpack (8.0.2) lib/action_dispatch/journey/router.rb:126:in 'Array#each'
actionpack (8.0.2) lib/action_dispatch/journey/router.rb:126:in 'ActionDispatch::Journey::Router#find_routes'
actionpack (8.0.2) lib/action_dispatch/journey/router.rb:34:in 'ActionDispatch::Journey::Router#serve'
actionpack (8.0.2) lib/action_dispatch/routing/route_set.rb:908:in 'ActionDispatch::Routing::RouteSet#call'
railties (8.0.2) lib/rails/engine/lazy_route_set.rb:68:in 'Rails::Engine::LazyRouteSet#call'
rack (3.1.13) lib/rack/tempfile_reaper.rb:20:in 'Rack::TempfileReaper#call'
rack (3.1.13) lib/rack/etag.rb:29:in 'Rack::ETag#call'
rack (3.1.13) lib/rack/conditional_get.rb:31:in 'Rack::ConditionalGet#call'
rack (3.1.13) lib/rack/head.rb:15:in 'Rack::Head#call'
actionpack (8.0.2) lib/action_dispatch/http/permissions_policy.rb:38:in 'ActionDispatch::PermissionsPolicy::Middleware#call'
actionpack (8.0.2) lib/action_dispatch/http/content_security_policy.rb:38:in 'ActionDispatch::ContentSecurityPolicy::Middleware#call'
rack-session (2.1.0) lib/rack/session/abstract/id.rb:274:in 'Rack::Session::Abstract::Persisted#context'
rack-session (2.1.0) lib/rack/session/abstract/id.rb:268:in 'Rack::Session::Abstract::Persisted#call'
actionpack (8.0.2) lib/action_dispatch/middleware/cookies.rb:706:in 'ActionDispatch::Cookies#call'
activerecord (8.0.2) lib/active_record/migration.rb:671:in 'ActiveRecord::Migration::CheckPending#call'
actionpack (8.0.2) lib/action_dispatch/middleware/callbacks.rb:31:in 'block in ActionDispatch::Callbacks#call'
activesupport (8.0.2) lib/active_support/callbacks.rb:100:in 'ActiveSupport::Callbacks#run_callbacks'
actionpack (8.0.2) lib/action_dispatch/middleware/callbacks.rb:30:in 'ActionDispatch::Callbacks#call'
actionpack (8.0.2) lib/action_dispatch/middleware/executor.rb:16:in 'ActionDispatch::Executor#call'
actionpack (8.0.2) lib/action_dispatch/middleware/actionable_exceptions.rb:18:in 'ActionDispatch::ActionableExceptions#call'
actionpack (8.0.2) lib/action_dispatch/middleware/debug_exceptions.rb:31:in 'ActionDispatch::DebugExceptions#call'
web-console (4.2.1) lib/web_console/middleware.rb:132:in 'WebConsole::Middleware#call_app'
web-console (4.2.1) lib/web_console/middleware.rb:28:in 'block in WebConsole::Middleware#call'
web-console (4.2.1) lib/web_console/middleware.rb:17:in 'Kernel#catch'
web-console (4.2.1) lib/web_console/middleware.rb:17:in 'WebConsole::Middleware#call'
actionpack (8.0.2) lib/action_dispatch/middleware/show_exceptions.rb:32:in 'ActionDispatch::ShowExceptions#call'
railties (8.0.2) lib/rails/rack/logger.rb:41:in 'Rails::Rack::Logger#call_app'
railties (8.0.2) lib/rails/rack/logger.rb:29:in 'Rails::Rack::Logger#call'
actionpack (8.0.2) lib/action_dispatch/middleware/remote_ip.rb:96:in 'ActionDispatch::RemoteIp#call'
actionpack (8.0.2) lib/action_dispatch/middleware/request_id.rb:34:in 'ActionDispatch::RequestId#call'
rack (3.1.13) lib/rack/method_override.rb:28:in 'Rack::MethodOverride#call'
rack (3.1.13) lib/rack/runtime.rb:24:in 'Rack::Runtime#call'
actionpack (8.0.2) lib/action_dispatch/middleware/server_timing.rb:61:in 'block in ActionDispatch::ServerTiming#call'
actionpack (8.0.2) lib/action_dispatch/middleware/server_timing.rb:26:in 'ActionDispatch::ServerTiming::Subscriber#collect_events'
actionpack (8.0.2) lib/action_dispatch/middleware/server_timing.rb:60:in 'ActionDispatch::ServerTiming#call'
actionpack (8.0.2) lib/action_dispatch/middleware/executor.rb:16:in 'ActionDispatch::Executor#call'
actionpack (8.0.2) lib/action_dispatch/middleware/static.rb:27:in 'ActionDispatch::Static#call'
rack (3.1.13) lib/rack/sendfile.rb:114:in 'Rack::Sendfile#call'
actionpack (8.0.2) lib/action_dispatch/middleware/host_authorization.rb:143:in 'ActionDispatch::HostAuthorization#call'
railties (8.0.2) lib/rails/engine.rb:535:in 'Rails::Engine#call'
puma (6.6.0) lib/puma/configuration.rb:279:in 'Puma::Configuration::ConfigMiddleware#call'
puma (6.6.0) lib/puma/request.rb:99:in 'block in Puma::Request#handle_request'
puma (6.6.0) lib/puma/thread_pool.rb:390:in 'Puma::ThreadPool#with_force_shutdown'
puma (6.6.0) lib/puma/request.rb:98:in 'Puma::Request#handle_request'
puma (6.6.0) lib/puma/server.rb:472:in 'Puma::Server#process_client'
puma (6.6.0) lib/puma/server.rb:254:in 'block in Puma::Server#run'
puma (6.6.0) lib/puma/thread_pool.rb:167:in 'block in Puma::ThreadPool#spawn_thread'
Started GET "/login" for ::1 at 2025-04-22 11:15:12 +0500
Processing by PagesController#login as HTML
Completed 406 Not Acceptable in 648ms (ActiveRecord: 0.0ms (0 queries, 0 cached) | GC: 0.0ms)


  
ActionController::MissingExactTemplate (PagesController#login is missing a template for request formats: text/html):
  
actionpack (8.0.2) lib/action_controller/metal/implicit_render.rb:49:in 'ActionController::ImplicitRender#default_render'
actionpack (8.0.2) lib/action_controller/metal/basic_implicit_render.rb:9:in 'ActionController::BasicImplicitRender#send_action'
actionpack (8.0.2) lib/abstract_controller/base.rb:226:in 'AbstractController::Base#process_action'
actionpack (8.0.2) lib/action_controller/metal/rendering.rb:193:in 'ActionController::Rendering#process_action'
actionpack (8.0.2) lib/abstract_controller/callbacks.rb:261:in 'block in AbstractController::Callbacks#process_action'
activesupport (8.0.2) lib/active_support/callbacks.rb:120:in 'block in ActiveSupport::Callbacks#run_callbacks'
turbo-rails (2.0.13) lib/turbo-rails.rb:24:in 'Turbo.with_request_id'
turbo-rails (2.0.13) app/controllers/concerns/turbo/request_id_tracking.rb:10:in 'Turbo::RequestIdTracking#turbo_tracking_request_id'
activesupport (8.0.2) lib/active_support/callbacks.rb:129:in 'block in ActiveSupport::Callbacks#run_callbacks'
actiontext (8.0.2) lib/action_text/rendering.rb:25:in 'ActionText::Rendering::ClassMethods#with_renderer'
actiontext (8.0.2) lib/action_text/engine.rb:71:in 'block (4 levels) in <class:Engine>'
activesupport (8.0.2) lib/active_support/callbacks.rb:129:in 'BasicObject#instance_exec'
activesupport (8.0.2) lib/active_support/callbacks.rb:129:in 'block in ActiveSupport::Callbacks#run_callbacks'
activesupport (8.0.2) lib/active_support/callbacks.rb:140:in 'ActiveSupport::Callbacks#run_callbacks'
actionpack (8.0.2) lib/abstract_controller/callbacks.rb:260:in 'AbstractController::Callbacks#process_action'
actionpack (8.0.2) lib/action_controller/metal/rescue.rb:27:in 'ActionController::Rescue#process_action'
actionpack (8.0.2) lib/action_controller/metal/instrumentation.rb:76:in 'block in ActionController::Instrumentation#process_action'
activesupport (8.0.2) lib/active_support/notifications.rb:210:in 'block in ActiveSupport::Notifications.instrument'
activesupport (8.0.2) lib/active_support/notifications/instrumenter.rb:58:in 'ActiveSupport::Notifications::Instrumenter#instrument'
activesupport (8.0.2) lib/active_support/notifications.rb:210:in 'ActiveSupport::Notifications.instrument'
actionpack (8.0.2) lib/action_controller/metal/instrumentation.rb:75:in 'ActionController::Instrumentation#process_action'
actionpack (8.0.2) lib/action_controller/metal/params_wrapper.rb:259:in 'ActionController::ParamsWrapper#process_action'
activerecord (8.0.2) lib/active_record/railties/controller_runtime.rb:39:in 'ActiveRecord::Railties::ControllerRuntime#process_action'
actionpack (8.0.2) lib/abstract_controller/base.rb:163:in 'AbstractController::Base#process'
actionview (8.0.2) lib/action_view/rendering.rb:40:in 'ActionView::Rendering#process'
actionpack (8.0.2) lib/action_controller/metal.rb:252:in 'ActionController::Metal#dispatch'
actionpack (8.0.2) lib/action_controller/metal.rb:335:in 'ActionController::Metal.dispatch'
actionpack (8.0.2) lib/action_dispatch/routing/route_set.rb:67:in 'ActionDispatch::Routing::RouteSet::Dispatcher#dispatch'
actionpack (8.0.2) lib/action_dispatch/routing/route_set.rb:50:in 'ActionDispatch::Routing::RouteSet::Dispatcher#serve'
actionpack (8.0.2) lib/action_dispatch/journey/router.rb:53:in 'block in ActionDispatch::Journey::Router#serve'
actionpack (8.0.2) lib/action_dispatch/journey/router.rb:133:in 'block in ActionDispatch::Journey::Router#find_routes'
actionpack (8.0.2) lib/action_dispatch/journey/router.rb:126:in 'Array#each'
actionpack (8.0.2) lib/action_dispatch/journey/router.rb:126:in 'ActionDispatch::Journey::Router#find_routes'
actionpack (8.0.2) lib/action_dispatch/journey/router.rb:34:in 'ActionDispatch::Journey::Router#serve'
actionpack (8.0.2) lib/action_dispatch/routing/route_set.rb:908:in 'ActionDispatch::Routing::RouteSet#call'
railties (8.0.2) lib/rails/engine/lazy_route_set.rb:68:in 'Rails::Engine::LazyRouteSet#call'
rack (3.1.13) lib/rack/tempfile_reaper.rb:20:in 'Rack::TempfileReaper#call'
rack (3.1.13) lib/rack/etag.rb:29:in 'Rack::ETag#call'
rack (3.1.13) lib/rack/conditional_get.rb:31:in 'Rack::ConditionalGet#call'
rack (3.1.13) lib/rack/head.rb:15:in 'Rack::Head#call'
actionpack (8.0.2) lib/action_dispatch/http/permissions_policy.rb:38:in 'ActionDispatch::PermissionsPolicy::Middleware#call'
actionpack (8.0.2) lib/action_dispatch/http/content_security_policy.rb:38:in 'ActionDispatch::ContentSecurityPolicy::Middleware#call'
rack-session (2.1.0) lib/rack/session/abstract/id.rb:274:in 'Rack::Session::Abstract::Persisted#context'
rack-session (2.1.0) lib/rack/session/abstract/id.rb:268:in 'Rack::Session::Abstract::Persisted#call'
actionpack (8.0.2) lib/action_dispatch/middleware/cookies.rb:706:in 'ActionDispatch::Cookies#call'
activerecord (8.0.2) lib/active_record/migration.rb:671:in 'ActiveRecord::Migration::CheckPending#call'
actionpack (8.0.2) lib/action_dispatch/middleware/callbacks.rb:31:in 'block in ActionDispatch::Callbacks#call'
activesupport (8.0.2) lib/active_support/callbacks.rb:100:in 'ActiveSupport::Callbacks#run_callbacks'
actionpack (8.0.2) lib/action_dispatch/middleware/callbacks.rb:30:in 'ActionDispatch::Callbacks#call'
actionpack (8.0.2) lib/action_dispatch/middleware/executor.rb:16:in 'ActionDispatch::Executor#call'
actionpack (8.0.2) lib/action_dispatch/middleware/actionable_exceptions.rb:18:in 'ActionDispatch::ActionableExceptions#call'
actionpack (8.0.2) lib/action_dispatch/middleware/debug_exceptions.rb:31:in 'ActionDispatch::DebugExceptions#call'
web-console (4.2.1) lib/web_console/middleware.rb:132:in 'WebConsole::Middleware#call_app'
web-console (4.2.1) lib/web_console/middleware.rb:28:in 'block in WebConsole::Middleware#call'
web-console (4.2.1) lib/web_console/middleware.rb:17:in 'Kernel#catch'
web-console (4.2.1) lib/web_console/middleware.rb:17:in 'WebConsole::Middleware#call'
actionpack (8.0.2) lib/action_dispatch/middleware/show_exceptions.rb:32:in 'ActionDispatch::ShowExceptions#call'
railties (8.0.2) lib/rails/rack/logger.rb:41:in 'Rails::Rack::Logger#call_app'
railties (8.0.2) lib/rails/rack/logger.rb:29:in 'Rails::Rack::Logger#call'
actionpack (8.0.2) lib/action_dispatch/middleware/remote_ip.rb:96:in 'ActionDispatch::RemoteIp#call'
actionpack (8.0.2) lib/action_dispatch/middleware/request_id.rb:34:in 'ActionDispatch::RequestId#call'
rack (3.1.13) lib/rack/method_override.rb:28:in 'Rack::MethodOverride#call'
rack (3.1.13) lib/rack/runtime.rb:24:in 'Rack::Runtime#call'
actionpack (8.0.2) lib/action_dispatch/middleware/server_timing.rb:61:in 'block in ActionDispatch::ServerTiming#call'
actionpack (8.0.2) lib/action_dispatch/middleware/server_timing.rb:26:in 'ActionDispatch::ServerTiming::Subscriber#collect_events'
actionpack (8.0.2) lib/action_dispatch/middleware/server_timing.rb:60:in 'ActionDispatch::ServerTiming#call'
actionpack (8.0.2) lib/action_dispatch/middleware/executor.rb:16:in 'ActionDispatch::Executor#call'
actionpack (8.0.2) lib/action_dispatch/middleware/static.rb:27:in 'ActionDispatch::Static#call'
rack (3.1.13) lib/rack/sendfile.rb:114:in 'Rack::Sendfile#call'
actionpack (8.0.2) lib/action_dispatch/middleware/host_authorization.rb:143:in 'ActionDispatch::HostAuthorization#call'
railties (8.0.2) lib/rails/engine.rb:535:in 'Rails::Engine#call'
puma (6.6.0) lib/puma/configuration.rb:279:in 'Puma::Configuration::ConfigMiddleware#call'
puma (6.6.0) lib/puma/request.rb:99:in 'block in Puma::Request#handle_request'
puma (6.6.0) lib/puma/thread_pool.rb:390:in 'Puma::ThreadPool#with_force_shutdown'
puma (6.6.0) lib/puma/request.rb:98:in 'Puma::Request#handle_request'
puma (6.6.0) lib/puma/server.rb:472:in 'Puma::Server#process_client'
puma (6.6.0) lib/puma/server.rb:254:in 'block in Puma::Server#run'
puma (6.6.0) lib/puma/thread_pool.rb:167:in 'block in Puma::ThreadPool#spawn_thread'
Started GET "/login" for ::1 at 2025-04-22 11:15:41 +0500
Processing by PagesController#login as HTML
  Rendering layout layouts/application.html.erb
  Rendering pages/login.html.erb within layouts/application
  Rendered pages/login.html.erb within layouts/application (Duration: 0.6ms | GC: 0.0ms)
  Rendered layout layouts/application.html.erb (Duration: 5.9ms | GC: 0.0ms)
Completed 200 OK in 662ms (Views: 11.6ms | ActiveRecord: 0.0ms (0 queries, 0 cached) | GC: 0.0ms)


Started GET "/login" for ::1 at 2025-04-22 11:15:51 +0500
Processing by PagesController#login as HTML
  Rendering layout layouts/application.html.erb
  Rendering pages/login.html.erb within layouts/application
  Rendered pages/login.html.erb within layouts/application (Duration: 0.6ms | GC: 0.0ms)
  Rendered layout layouts/application.html.erb (Duration: 6.7ms | GC: 0.0ms)
Completed 200 OK in 640ms (Views: 13.2ms | ActiveRecord: 0.0ms (0 queries, 0 cached) | GC: 0.0ms)


Started GET "/login" for ::1 at 2025-04-22 11:21:26 +0500
Processing by SessionsController#new as HTML
  Rendering layout layouts/application.html.erb
  Rendering sessions/new.html.erb within layouts/application
  Rendered sessions/new.html.erb within layouts/application (Duration: 0.6ms | GC: 0.0ms)
  Rendered layout layouts/application.html.erb (Duration: 5.4ms | GC: 0.0ms)
Completed 200 OK in 676ms (Views: 11.3ms | ActiveRecord: 0.0ms (0 queries, 0 cached) | GC: 0.0ms)


Started GET "/" for ::1 at 2025-04-22 11:21:32 +0500
Processing by ChatroomController#index as HTML
  Rendering layout layouts/application.html.erb
  Rendering chatroom/index.html.erb within layouts/application
  Rendered chatroom/index.html.erb within layouts/application (Duration: 0.6ms | GC: 0.0ms)
  Rendered layout layouts/application.html.erb (Duration: 2.1ms | GC: 0.0ms)
Completed 200 OK in 648ms (Views: 6.4ms | ActiveRecord: 0.0ms (0 queries, 0 cached) | GC: 0.0ms)


Started GET "/login" for ::1 at 2025-04-22 11:21:37 +0500
Processing by SessionsController#new as HTML
  Rendering layout layouts/application.html.erb
  Rendering sessions/new.html.erb within layouts/application
  Rendered sessions/new.html.erb within layouts/application (Duration: 0.3ms | GC: 0.0ms)
  Rendered layout layouts/application.html.erb (Duration: 1.5ms | GC: 0.0ms)
Completed 200 OK in 642ms (Views: 2.0ms | ActiveRecord: 0.0ms (0 queries, 0 cached) | GC: 0.0ms)


Started GET "/login" for ::1 at 2025-04-22 11:22:17 +0500
Processing by SessionsController#new as HTML
  Rendering layout layouts/application.html.erb
  Rendering sessions/new.html.erb within layouts/application
  Rendered sessions/new.html.erb within layouts/application (Duration: 0.6ms | GC: 0.0ms)
  Rendered layout layouts/application.html.erb (Duration: 5.0ms | GC: 0.0ms)
Completed 200 OK in 669ms (Views: 10.7ms | ActiveRecord: 0.0ms (0 queries, 0 cached) | GC: 0.2ms)


Started GET "/login" for ::1 at 2025-04-22 11:22:27 +0500
Processing by SessionsController#new as HTML
  Rendering layout layouts/application.html.erb
  Rendering sessions/new.html.erb within layouts/application
  Rendered sessions/new.html.erb within layouts/application (Duration: 0.3ms | GC: 0.0ms)
  Rendered layout layouts/application.html.erb (Duration: 1.2ms | GC: 0.0ms)
Completed 200 OK in 676ms (Views: 1.6ms | ActiveRecord: 0.0ms (0 queries, 0 cached) | GC: 0.0ms)


Started GET "/" for ::1 at 2025-04-22 11:22:40 +0500
  [1m[36mActiveRecord::SchemaMigration Load (0.1ms)[0m  [1m[34mSELECT "schema_migrations"."version" FROM "schema_migrations" ORDER BY "schema_migrations"."version" ASC /*application='MessageMe'*/[0m
Processing by ChatroomController#index as HTML
  Rendering layout layouts/application.html.erb
  Rendering chatroom/index.html.erb within layouts/application
  Rendered chatroom/index.html.erb within layouts/application (Duration: 0.7ms | GC: 0.0ms)
  Rendered layout layouts/application.html.erb (Duration: 32.6ms | GC: 0.0ms)
Completed 200 OK in 1357ms (Views: 43.6ms | ActiveRecord: 0.0ms (0 queries, 0 cached) | GC: 0.0ms)


Started GET "/login" for ::1 at 2025-04-22 11:22:45 +0500
Processing by SessionsController#new as HTML
  Rendering layout layouts/application.html.erb
  Rendering sessions/new.html.erb within layouts/application
  Rendered sessions/new.html.erb within layouts/application (Duration: 0.5ms | GC: 0.0ms)
  Rendered layout layouts/application.html.erb (Duration: 1.6ms | GC: 0.0ms)
Completed 200 OK in 649ms (Views: 5.9ms | ActiveRecord: 0.0ms (0 queries, 0 cached) | GC: 0.0ms)


Started GET "/login" for ::1 at 2025-04-22 11:33:59 +0500
  [1m[36mActiveRecord::SchemaMigration Load (0.1ms)[0m  [1m[34mSELECT "schema_migrations"."version" FROM "schema_migrations" ORDER BY "schema_migrations"."version" ASC /*application='MessageMe'*/[0m
Processing by SessionsController#new as HTML
  Rendering layout layouts/application.html.erb
  Rendering sessions/new.html.erb within layouts/application
  Rendered sessions/new.html.erb within layouts/application (Duration: 0.8ms | GC: 0.0ms)
  Rendered layout layouts/application.html.erb (Duration: 82.4ms | GC: 0.3ms)
Completed 200 OK in 3349ms (Views: 94.5ms | ActiveRecord: 0.0ms (0 queries, 0 cached) | GC: 0.3ms)


Started GET "/assets/application-fb176d72.js" for ::1 at 2025-04-22 11:34:03 +0500
Started GET "/" for ::1 at 2025-04-22 11:34:10 +0500
Processing by ChatroomController#index as HTML
  Rendering layout layouts/application.html.erb
  Rendering chatroom/index.html.erb within layouts/application
  Rendered chatroom/index.html.erb within layouts/application (Duration: 0.9ms | GC: 0.0ms)
  Rendered layout layouts/application.html.erb (Duration: 2.1ms | GC: 0.0ms)
Completed 200 OK in 1578ms (Views: 7.2ms | ActiveRecord: 0.0ms (0 queries, 0 cached) | GC: 0.0ms)


Started GET "/" for ::1 at 2025-04-22 11:40:37 +0500
Processing by ChatroomController#index as HTML
  Rendering layout layouts/application.html.erb
  Rendering chatroom/index.html.erb within layouts/application
  Rendered chatroom/index.html.erb within layouts/application (Duration: 0.7ms | GC: 0.0ms)
  Rendered layout layouts/application.html.erb (Duration: 5.1ms | GC: 0.0ms)
Completed 200 OK in 1653ms (Views: 11.4ms | ActiveRecord: 0.0ms (0 queries, 0 cached) | GC: 0.0ms)


Started GET "/" for ::1 at 2025-04-22 11:42:14 +0500
  [1m[36mActiveRecord::SchemaMigration Load (0.1ms)[0m  [1m[34mSELECT "schema_migrations"."version" FROM "schema_migrations" ORDER BY "schema_migrations"."version" ASC /*application='MessageMe'*/[0m
Processing by ChatroomController#index as HTML
  Rendering layout layouts/application.html.erb
  Rendering chatroom/index.html.erb within layouts/application
  Rendered chatroom/index.html.erb within layouts/application (Duration: 0.6ms | GC: 0.0ms)
  Rendered layout layouts/application.html.erb (Duration: 54.7ms | GC: 0.0ms)
Completed 200 OK in 3311ms (Views: 67.3ms | ActiveRecord: 0.0ms (0 queries, 0 cached) | GC: 0.0ms)


Started GET "/" for ::1 at 2025-04-22 11:44:06 +0500
Processing by ChatroomController#index as HTML
  Rendering layout layouts/application.html.erb
  Rendering chatroom/index.html.erb within layouts/application
  Rendered chatroom/index.html.erb within layouts/application (Duration: 0.9ms | GC: 0.0ms)
  Rendered layout layouts/application.html.erb (Duration: 5.3ms | GC: 0.0ms)
Completed 200 OK in 1586ms (Views: 11.5ms | ActiveRecord: 0.0ms (0 queries, 0 cached) | GC: 0.0ms)


Started GET "/" for ::1 at 2025-04-22 11:44:11 +0500
Processing by ChatroomController#index as HTML
  Rendering layout layouts/application.html.erb
  Rendering chatroom/index.html.erb within layouts/application
  Rendered chatroom/index.html.erb within layouts/application (Duration: 0.4ms | GC: 0.0ms)
  Rendered layout layouts/application.html.erb (Duration: 1.7ms | GC: 0.0ms)
Completed 200 OK in 1616ms (Views: 2.4ms | ActiveRecord: 0.0ms (0 queries, 0 cached) | GC: 0.0ms)


Started GET "/assets/stimulus.min-2395e199.js.map" for ::1 at 2025-04-22 11:44:13 +0500
Started GET "/assets/turbo.min-02fd5b81.js.map" for ::1 at 2025-04-22 11:44:13 +0500
Started GET "/" for ::1 at 2025-04-22 11:44:15 +0500
Processing by ChatroomController#index as HTML
  Rendering layout layouts/application.html.erb
  Rendering chatroom/index.html.erb within layouts/application
  Rendered chatroom/index.html.erb within layouts/application (Duration: 0.2ms | GC: 0.0ms)
  Rendered layout layouts/application.html.erb (Duration: 1.5ms | GC: 0.0ms)
Completed 200 OK in 1712ms (Views: 2.0ms | ActiveRecord: 0.0ms (0 queries, 0 cached) | GC: 0.0ms)


Started GET "/" for ::1 at 2025-04-22 11:52:45 +0500
  [1m[36mActiveRecord::SchemaMigration Load (0.1ms)[0m  [1m[34mSELECT "schema_migrations"."version" FROM "schema_migrations" ORDER BY "schema_migrations"."version" ASC /*application='MessageMe'*/[0m
Processing by ChatroomController#index as HTML
  Rendering layout layouts/application.html.erb
  Rendering chatroom/index.html.erb within layouts/application
  Rendered chatroom/index.html.erb within layouts/application (Duration: 0.7ms | GC: 0.0ms)
  Rendered layout layouts/application.html.erb (Duration: 55.4ms | GC: 0.2ms)
Completed 200 OK in 3341ms (Views: 67.6ms | ActiveRecord: 0.0ms (0 queries, 0 cached) | GC: 0.2ms)


Started GET "/" for ::1 at 2025-04-22 11:54:08 +0500
Processing by ChatroomController#index as HTML
  Rendering layout layouts/application.html.erb
  Rendering chatroom/index.html.erb within layouts/application
  Rendered chatroom/index.html.erb within layouts/application (Duration: 0.3ms | GC: 0.0ms)
  Rendered layout layouts/application.html.erb (Duration: 2.1ms | GC: 0.0ms)
Completed 200 OK in 1676ms (Views: 2.7ms | ActiveRecord: 0.0ms (0 queries, 0 cached) | GC: 0.0ms)


Started GET "/assets/application-5579fc5f.css" for ::1 at 2025-04-22 11:54:10 +0500
Started GET "/assets/semantic-ui" for ::1 at 2025-04-22 11:54:10 +0500
Started GET "/" for ::1 at 2025-04-22 11:54:58 +0500
Processing by ChatroomController#index as HTML
  Rendering layout layouts/application.html.erb
  Rendering chatroom/index.html.erb within layouts/application
  Rendered chatroom/index.html.erb within layouts/application (Duration: 0.3ms | GC: 0.0ms)
  Rendered layout layouts/application.html.erb (Duration: 1.9ms | GC: 0.0ms)
Completed 200 OK in 1676ms (Views: 2.3ms | ActiveRecord: 0.0ms (0 queries, 0 cached) | GC: 0.0ms)


Started GET "/assets/application-fb176d72.js" for ::1 at 2025-04-22 11:55:00 +0500
Started GET "/assets/turbo.min-1262d735.js" for ::1 at 2025-04-22 11:55:00 +0500
Started GET "/assets/semantic-ui" for ::1 at 2025-04-22 11:55:00 +0500
Started GET "/assets/controllers/index-ee64e1f1.js" for ::1 at 2025-04-22 11:55:00 +0500
Started GET "/assets/controllers/hello_controller-708796bd.js" for ::1 at 2025-04-22 11:55:00 +0500
Started GET "/assets/stimulus.min-4b1e420e.js" for ::1 at 2025-04-22 11:55:01 +0500
Started GET "/assets/controllers/application-3affb389.js" for ::1 at 2025-04-22 11:55:01 +0500
Started GET "/assets/stimulus-loading-1fc53fe7.js" for ::1 at 2025-04-22 11:55:01 +0500
Started GET "/" for ::1 at 2025-04-22 11:55:43 +0500
Processing by ChatroomController#index as HTML
  Rendering layout layouts/application.html.erb
  Rendering chatroom/index.html.erb within layouts/application
  Rendered chatroom/index.html.erb within layouts/application (Duration: 0.3ms | GC: 0.0ms)
  Rendered layout layouts/application.html.erb (Duration: 1.6ms | GC: 0.0ms)
Completed 200 OK in 1625ms (Views: 2.1ms | ActiveRecord: 0.0ms (0 queries, 0 cached) | GC: 0.0ms)


Started GET "/assets/application-fb176d72.js" for ::1 at 2025-04-22 11:55:45 +0500
Started GET "/assets/turbo.min-1262d735.js" for ::1 at 2025-04-22 11:55:45 +0500
Started GET "/assets/semantic-ui" for ::1 at 2025-04-22 11:55:45 +0500
Started GET "/assets/controllers/hello_controller-708796bd.js" for ::1 at 2025-04-22 11:55:45 +0500
Started GET "/assets/controllers/index-ee64e1f1.js" for ::1 at 2025-04-22 11:55:45 +0500
Started GET "/assets/stimulus.min-4b1e420e.js" for ::1 at 2025-04-22 11:55:46 +0500
Started GET "/assets/controllers/application-3affb389.js" for ::1 at 2025-04-22 11:55:46 +0500
Started GET "/assets/stimulus-loading-1fc53fe7.js" for ::1 at 2025-04-22 11:55:46 +0500
Started GET "/" for ::1 at 2025-04-22 11:56:35 +0500
  [1m[36mActiveRecord::SchemaMigration Load (0.1ms)[0m  [1m[34mSELECT "schema_migrations"."version" FROM "schema_migrations" ORDER BY "schema_migrations"."version" ASC /*application='MessageMe'*/[0m
Processing by ChatroomController#index as HTML
  Rendering layout layouts/application.html.erb
  Rendering chatroom/index.html.erb within layouts/application
  Rendered chatroom/index.html.erb within layouts/application (Duration: 0.8ms | GC: 0.0ms)
  Rendered layout layouts/application.html.erb (Duration: 54.1ms | GC: 0.2ms)
Completed 200 OK in 3323ms (Views: 67.0ms | ActiveRecord: 0.0ms (0 queries, 0 cached) | GC: 0.2ms)


Started GET "/assets/semantic-ui" for ::1 at 2025-04-22 11:56:39 +0500
Started GET "/" for ::1 at 2025-04-22 12:00:28 +0500
Processing by ChatroomController#index as HTML
  Rendering layout layouts/application.html.erb
  Rendering chatroom/index.html.erb within layouts/application
  Rendered chatroom/index.html.erb within layouts/application (Duration: 0.3ms | GC: 0.0ms)
  Rendered layout layouts/application.html.erb (Duration: 1.3ms | GC: 0.0ms)
Completed 200 OK in 1590ms (Views: 1.7ms | ActiveRecord: 0.0ms (0 queries, 0 cached) | GC: 0.0ms)


Started GET "/assets/semantic-ui" for ::1 at 2025-04-22 12:00:30 +0500
Started GET "/" for ::1 at 2025-04-22 12:09:23 +0500
Processing by ChatroomController#index as HTML
Started GET "/" for ::1 at 2025-04-22 12:09:24 +0500
Started GET "/" for ::1 at 2025-04-22 12:09:25 +0500
  Rendering layout layouts/application.html.erb
  Rendering chatroom/index.html.erb within layouts/application
  Rendered chatroom/index.html.erb within layouts/application (Duration: 0.2ms | GC: 0.0ms)
  Rendered layout layouts/application.html.erb (Duration: 1.8ms | GC: 0.0ms)
Completed 200 OK in 1723ms (Views: 2.3ms | ActiveRecord: 0.0ms (0 queries, 0 cached) | GC: 0.0ms)


Processing by ChatroomController#index as HTML
Processing by ChatroomController#index as HTML
Started GET "/" for ::1 at 2025-04-22 12:09:25 +0500
Processing by ChatroomController#index as HTML
  Rendering layout layouts/application.html.erb
  Rendering chatroom/index.html.erb within layouts/application
  Rendered chatroom/index.html.erb within layouts/application (Duration: 2.9ms | GC: 0.0ms)
  Rendered layout layouts/application.html.erb (Duration: 9.9ms | GC: 0.0ms)
Completed 200 OK in 4036ms (Views: 14.2ms | ActiveRecord: 0.0ms (0 queries, 0 cached) | GC: 0.0ms)


Started GET "/" for ::1 at 2025-04-22 12:09:29 +0500
  Rendering layout layouts/application.html.erb
  Rendering chatroom/index.html.erb within layouts/application
  Rendered chatroom/index.html.erb within layouts/application (Duration: 2.3ms | GC: 0.0ms)
  Rendered layout layouts/application.html.erb (Duration: 7.5ms | GC: 0.0ms)
Completed 200 OK in 4253ms (Views: 10.1ms | ActiveRecord: 0.0ms (0 queries, 0 cached) | GC: 0.0ms)


Started GET "/" for ::1 at 2025-04-22 12:09:29 +0500
Processing by ChatroomController#index as HTML
  Rendering layout layouts/application.html.erb
  Rendering chatroom/index.html.erb within layouts/application
  Rendered chatroom/index.html.erb within layouts/application (Duration: 1.2ms | GC: 0.0ms)
  Rendered layout layouts/application.html.erb (Duration: 3.8ms | GC: 0.0ms)
Completed 200 OK in 4345ms (Views: 5.4ms | ActiveRecord: 0.0ms (0 queries, 0 cached) | GC: 0.0ms)


Processing by ChatroomController#index as HTML
Started GET "/" for ::1 at 2025-04-22 12:09:29 +0500
Processing by ChatroomController#index as HTML
  Rendering layout layouts/application.html.erb
  Rendering chatroom/index.html.erb within layouts/application
  Rendered chatroom/index.html.erb within layouts/application (Duration: 3.0ms | GC: 0.0ms)
  Rendered layout layouts/application.html.erb (Duration: 9.3ms | GC: 0.0ms)
Completed 200 OK in 4345ms (Views: 12.3ms | ActiveRecord: 0.0ms (0 queries, 0 cached) | GC: 0.0ms)


  Rendering layout layouts/application.html.erb
  Rendering chatroom/index.html.erb within layouts/application
  Rendered chatroom/index.html.erb within layouts/application (Duration: 1.6ms | GC: 0.0ms)
  Rendered layout layouts/application.html.erb (Duration: 4.1ms | GC: 0.0ms)
Completed 200 OK in 4350ms (Views: 6.1ms | ActiveRecord: 0.0ms (0 queries, 0 cached) | GC: 0.0ms)


  Rendering layout layouts/application.html.erb
  Rendering chatroom/index.html.erb within layouts/application
  Rendered chatroom/index.html.erb within layouts/application (Duration: 0.2ms | GC: 0.0ms)
  Rendered layout layouts/application.html.erb (Duration: 1.2ms | GC: 0.0ms)
Completed 200 OK in 4270ms (Views: 1.8ms | ActiveRecord: 0.0ms (0 queries, 0 cached) | GC: 0.0ms)


Started GET "/assets/application-fb176d72.js" for ::1 at 2025-04-22 12:09:34 +0500
Started GET "/assets/stimulus.min-4b1e420e.js" for ::1 at 2025-04-22 12:09:34 +0500
Started GET "/assets/semantic-ui" for ::1 at 2025-04-22 12:09:34 +0500
Started GET "/assets/controllers/hello_controller-708796bd.js" for ::1 at 2025-04-22 12:09:34 +0500
Started GET "/assets/controllers/index-ee64e1f1.js" for ::1 at 2025-04-22 12:09:34 +0500
Started GET "/assets/turbo.min-1262d735.js" for ::1 at 2025-04-22 12:09:34 +0500
Started GET "/assets/stimulus-loading-1fc53fe7.js" for ::1 at 2025-04-22 12:09:35 +0500
Started GET "/assets/controllers/application-3affb389.js" for ::1 at 2025-04-22 12:09:35 +0500
Started GET "/" for ::1 at 2025-04-22 12:16:17 +0500
Processing by ChatroomController#index as HTML
  Rendering layout layouts/application.html.erb
  Rendering chatroom/index.html.erb within layouts/application
  Rendered chatroom/index.html.erb within layouts/application (Duration: 0.3ms | GC: 0.0ms)
  Rendered layout layouts/application.html.erb (Duration: 1.5ms | GC: 0.0ms)
Completed 200 OK in 1636ms (Views: 2.0ms | ActiveRecord: 0.0ms (0 queries, 0 cached) | GC: 0.0ms)


Started GET "/assets/application-fb176d72.js" for ::1 at 2025-04-22 12:16:18 +0500
Started GET "/assets/turbo.min-1262d735.js" for ::1 at 2025-04-22 12:16:18 +0500
Started GET "/assets/semantic-ui" for ::1 at 2025-04-22 12:16:18 +0500
Started GET "/assets/controllers/hello_controller-708796bd.js" for ::1 at 2025-04-22 12:16:19 +0500
Started GET "/assets/controllers/index-ee64e1f1.js" for ::1 at 2025-04-22 12:16:19 +0500
Started GET "/assets/stimulus.min-4b1e420e.js" for ::1 at 2025-04-22 12:16:19 +0500
Started GET "/assets/controllers/application-3affb389.js" for ::1 at 2025-04-22 12:16:19 +0500
Started GET "/assets/stimulus-loading-1fc53fe7.js" for ::1 at 2025-04-22 12:16:19 +0500
Started GET "/" for ::1 at 2025-04-22 12:17:10 +0500
Processing by ChatroomController#index as HTML
  Rendering layout layouts/application.html.erb
  Rendering chatroom/index.html.erb within layouts/application
  Rendered chatroom/index.html.erb within layouts/application (Duration: 0.3ms | GC: 0.0ms)
  Rendered layout layouts/application.html.erb (Duration: 1.8ms | GC: 0.0ms)
Completed 200 OK in 1784ms (Views: 2.3ms | ActiveRecord: 0.0ms (0 queries, 0 cached) | GC: 0.0ms)


Started GET "/assets/application-17d3922c.css" for ::1 at 2025-04-22 12:17:12 +0500
Started GET "/" for ::1 at 2025-04-22 12:17:15 +0500
Processing by ChatroomController#index as HTML
Started GET "/" for ::1 at 2025-04-22 12:17:15 +0500
Started GET "/" for ::1 at 2025-04-22 12:17:15 +0500
Processing by ChatroomController#index as HTML
Processing by ChatroomController#index as HTML
  Rendering layout layouts/application.html.erb
  Rendering chatroom/index.html.erb within layouts/application
  Rendered chatroom/index.html.erb within layouts/application (Duration: 1.7ms | GC: 0.0ms)
  Rendered layout layouts/application.html.erb (Duration: 10.0ms | GC: 0.0ms)
Completed 200 OK in 3556ms (Views: 13.2ms | ActiveRecord: 0.0ms (0 queries, 0 cached) | GC: 0.0ms)


Started GET "/" for ::1 at 2025-04-22 12:17:18 +0500
Processing by ChatroomController#index as HTML
  Rendering layout layouts/application.html.erb
  Rendering chatroom/index.html.erb within layouts/application
  Rendered chatroom/index.html.erb within layouts/application (Duration: 3.0ms | GC: 0.0ms)
  Rendered layout layouts/application.html.erb (Duration: 12.0ms | GC: 0.0ms)
Completed 200 OK in 4143ms (Views: 14.2ms | ActiveRecord: 0.0ms (0 queries, 0 cached) | GC: 0.0ms)


Started GET "/" for ::1 at 2025-04-22 12:17:19 +0500
  Rendering layout layouts/application.html.erb
  Rendering chatroom/index.html.erb within layouts/application
  Rendered chatroom/index.html.erb within layouts/application (Duration: 2.2ms | GC: 0.0ms)
  Rendered layout layouts/application.html.erb (Duration: 10.5ms | GC: 0.0ms)
Completed 200 OK in 4158ms (Views: 13.2ms | ActiveRecord: 0.0ms (0 queries, 0 cached) | GC: 0.0ms)


Started GET "/" for ::1 at 2025-04-22 12:17:20 +0500
Processing by ChatroomController#index as HTML
Processing by ChatroomController#index as HTML
  Rendering layout layouts/application.html.erb
  Rendering chatroom/index.html.erb within layouts/application
  Rendered chatroom/index.html.erb within layouts/application (Duration: 3.4ms | GC: 0.0ms)
  Rendered layout layouts/application.html.erb (Duration: 9.3ms | GC: 0.0ms)
Completed 200 OK in 3995ms (Views: 11.6ms | ActiveRecord: 0.0ms (0 queries, 0 cached) | GC: 0.0ms)


  Rendering layout layouts/application.html.erb
  Rendering chatroom/index.html.erb within layouts/application
  Rendered chatroom/index.html.erb within layouts/application (Duration: 0.2ms | GC: 0.0ms)
  Rendered layout layouts/application.html.erb (Duration: 3.6ms | GC: 0.0ms)
Completed 200 OK in 3862ms (Views: 5.0ms | ActiveRecord: 0.0ms (0 queries, 0 cached) | GC: 0.0ms)


  Rendering layout layouts/application.html.erb
  Rendering chatroom/index.html.erb within layouts/application
  Rendered chatroom/index.html.erb within layouts/application (Duration: 0.3ms | GC: 0.0ms)
  Rendered layout layouts/application.html.erb (Duration: 1.6ms | GC: 0.0ms)
Completed 200 OK in 3775ms (Views: 2.4ms | ActiveRecord: 0.0ms (0 queries, 0 cached) | GC: 0.0ms)


Started GET "/assets/application-fb176d72.js" for ::1 at 2025-04-22 12:17:24 +0500
Started GET "/assets/turbo.min-1262d735.js" for ::1 at 2025-04-22 12:17:24 +0500
Started GET "/assets/stimulus.min-4b1e420e.js" for ::1 at 2025-04-22 12:17:24 +0500
Started GET "/assets/controllers/index-ee64e1f1.js" for ::1 at 2025-04-22 12:17:24 +0500
Started GET "/assets/stimulus-loading-1fc53fe7.js" for ::1 at 2025-04-22 12:17:24 +0500
Started GET "/assets/controllers/application-3affb389.js" for ::1 at 2025-04-22 12:17:24 +0500
Started GET "/assets/controllers/hello_controller-708796bd.js" for ::1 at 2025-04-22 12:17:24 +0500
Started GET "/" for ::1 at 2025-04-22 12:20:43 +0500
Processing by ChatroomController#index as HTML
  Rendering layout layouts/application.html.erb
  Rendering chatroom/index.html.erb within layouts/application
  Rendered chatroom/index.html.erb within layouts/application (Duration: 0.7ms | GC: 0.0ms)
  Rendered layout layouts/application.html.erb (Duration: 4.1ms | GC: 0.0ms)
Completed 500 Internal Server Error in 1627ms (ActiveRecord: 0.0ms (0 queries, 0 cached) | GC: 0.0ms)


  
ActionView::Template::Error (The asset 'custom.css' was not found in the load path.)
Caused by: Propshaft::MissingAssetError (The asset 'custom.css' was not found in the load path.)

Information for: ActionView::Template::Error (The asset 'custom.css' was not found in the load path.):
    19: 
    20:     <%# Includes all stylesheet files in app/assets/stylesheets %>
    21:     <%= stylesheet_link_tag :app, "data-turbo-track": "reload" %>
    22:     <%= stylesheet_link_tag "custom", "data-turbo-track": "reload" %>
    23:     <%= javascript_importmap_tags %>
    24:   </head>
    25: 
  
app/views/layouts/application.html.erb:22

Information for cause: Propshaft::MissingAssetError (The asset 'custom.css' was not found in the load path.):
  
app/views/layouts/application.html.erb:22
Started GET "/favicon.ico" for ::1 at 2025-04-22 12:20:46 +0500
  
ActionController::RoutingError (No route matches [GET] "/favicon.ico"):
  
Started GET "/" for ::1 at 2025-04-22 12:21:10 +0500
Processing by ChatroomController#index as HTML
  Rendering layout layouts/application.html.erb
  Rendering chatroom/index.html.erb within layouts/application
  Rendered chatroom/index.html.erb within layouts/application (Duration: 0.7ms | GC: 0.0ms)
  Rendered layout layouts/application.html.erb (Duration: 4.8ms | GC: 0.2ms)
Completed 500 Internal Server Error in 1633ms (ActiveRecord: 0.0ms (0 queries, 0 cached) | GC: 0.2ms)


  
ActionView::SyntaxErrorInTemplate (Encountered a syntax error while rendering template: check <!DOCTYPE html>
<html>
  <head>
    <title><%= content_for(:title) || "Message Me" %></title>
    <meta name="viewport" content="width=device-width,initial-scale=1">
    <meta name="apple-mobile-web-app-capable" content="yes">
    <meta name="mobile-web-app-capable" content="yes">
    <%= csrf_meta_tags %>
    <%= csp_meta_tag %>

    <%= yield :head %>

    <%# Enable PWA manifest for installable apps (make sure to enable in config/routes.rb too!) %>
    <%#= tag.link rel: "manifest", href: pwa_manifest_path(format: :json) %>

    <link rel="icon" href="/icon.png" type="image/png">
    <link rel="icon" href="/icon.svg" type="image/svg+xml">
    <link rel="apple-touch-icon" href="/icon.png">

    <%# Includes all stylesheet files in app/assets/stylesheets %>
    <%= stylesheet_link_tag :app, "data-turbo-track": "reload" %>
    <%= stylesheet_link_tag "custom.css.scss, "data-turbo-track": "reload" %>
    <%= javascript_importmap_tags %>
  </head>

  <body>
    <div class="ui small inverted menu">
      <a class="item">
        Home
      </a>
      <a class="item">
        Messages
      </a>
      <div class="right menu">
        <div class="ui dropdown item">
          Language <i class="dropdown icon"></i>
          <div class="menu">
            <a class="item">English</a>
            <a class="item">Russian</a>
            <a class="item">Spanish</a>
          </div>
        </div>
        <div class="item">
            <div class="ui primary button">Sign Up</div>
        </div>
      </div>
    </div>
    <%= yield %>
  </body>
</html>

)
Caused by: ActiveSupport::SyntaxErrorProxy (E:/asad project/ruby training/message me demo/message_me/app/views/layouts/application.html.erb:22: syntax errors found
  [2m20 | [m'.freeze;
  [2m21 | [m @output_buffer.safe_append='    '.freeze; @output_buffer.append=( stylesheet_link_tag :app, "data-turbo-track": "reload" ); @output_buffer.safe_append='
[1;31m> [m[2m22 | [m... data-turbo-track": "reload" ); @output_buffer.safe_appen ...
  [2m   | [m    [1;31m^~~~[m unexpected local variable or method, expecting end-of-input
  [2m   | [m                    [1;31m^[m unexpected string literal, expecting end-of-input
  [2m   | [m                        [1;31m^~~~~~[m unexpected local variable or method, expecting end-of-input
  [2m23 | [m    '.freeze; @output_buffer.append=( javascript_importmap_tags ); @output_buffer.safe_append='
  [2m24 | [m  </head>
  [2m25 | [m
  [2m26 | [m  <body>
[1;31m> [m[2m27 | [m    <div class="ui small inverted menu">
  [2m   | [m                [1;31m^~[m unexpected local variable or method, expecting end-of-input
[1;31m> [m[2m28 | [m      <a class="item">
  [2m   | [m                [1;31m^~~~[m unexpected local variable or method, expecting end-of-input
  [2m29 | [m        Home
  [2m30 | [m      </a>
[1;31m> [m[2m31 | [m      <a class="item">
  [2m   | [m                [1;31m^~~~[m unexpected local variable or method, expecting end-of-input
  [2m32 | [m        Messages
  [2m33 | [m      </a>
[1;31m> [m[2m34 | [m      <div class="right menu">
  [2m   | [m                  [1;31m^~~~~[m unexpected local variable or method, expecting end-of-input
[1;31m> [m[2m35 | [m        <div class="ui dropdown item">
  [2m   | [m                    [1;31m^~[m unexpected local variable or method, expecting end-of-input
[1;31m> [m[2m36 | [m          Language <i class="dropdown icon"></i>
  [2m   | [m                             [1;31m^~~~~~~~[m unexpected local variable or method, expecting end-of-input
[1;31m> [m[2m37 | [m          <div class="menu">
  [2m   | [m                      [1;31m^~~~[m unexpected local variable or method, expecting end-of-input
[1;31m> [m[2m38 | [m            <a class="item">English</a>
  [2m   | [m                      [1;31m^~~~[m unexpected local variable or method, expecting end-of-input
[1;31m> [m[2m39 | [m            <a class="item">Russian</a>
  [2m   | [m                      [1;31m^~~~[m unexpected local variable or method, expecting end-of-input
[1;31m> [m[2m40 | [m            <a class="item">Spanish</a>
  [2m   | [m                      [1;31m^~~~[m unexpected local variable or method, expecting end-of-input
  [2m41 | [m          </div>
  [2m42 | [m        </div>
[1;31m> [m[2m43 | [m        <div class="item">
  [2m   | [m                    [1;31m^~~~[m unexpected local variable or method, expecting end-of-input
[1;31m> [m[2m44 | [m            <div class="ui primary button">Sign Up</div> ...
  [2m   | [m                        [1;31m^~[m unexpected local variable or method, expecting end-of-input
  [2m45 | [m        </div>
  [2m46 | [m      </div>
[2m  ~~~~~~[m
  [2m51 | [m'.freeze;
  [2m52 | [m@output_buffer.safe_append='<!-- END app/views/layouts/application.html.erb -->';@output_buffer
[1;31m> [m[2m53 | [m          end
  [2m   | [m             [1;31m^[m unterminated string meets end of file
[1;31m> [m[2m54 | [m
  [2m   | [m[1;31m^[m expected an `end` to close the `def` statement

  [2m   | [m[1;31m^[m expected a matching `)`

  [2m   | [m[1;31m^[m unexpected end-of-input, assuming it is closing the parent top level context
)

Information for: ActionView::SyntaxErrorInTemplate (Encountered a syntax error while rendering template: check <!DOCTYPE html>
<html>
  <head>
    <title><%= content_for(:title) || "Message Me" %></title>
    <meta name="viewport" content="width=device-width,initial-scale=1">
    <meta name="apple-mobile-web-app-capable" content="yes">
    <meta name="mobile-web-app-capable" content="yes">
    <%= csrf_meta_tags %>
    <%= csp_meta_tag %>

    <%= yield :head %>

    <%# Enable PWA manifest for installable apps (make sure to enable in config/routes.rb too!) %>
    <%#= tag.link rel: "manifest", href: pwa_manifest_path(format: :json) %>

    <link rel="icon" href="/icon.png" type="image/png">
    <link rel="icon" href="/icon.svg" type="image/svg+xml">
    <link rel="apple-touch-icon" href="/icon.png">

    <%# Includes all stylesheet files in app/assets/stylesheets %>
    <%= stylesheet_link_tag :app, "data-turbo-track": "reload" %>
    <%= stylesheet_link_tag "custom.css.scss, "data-turbo-track": "reload" %>
    <%= javascript_importmap_tags %>
  </head>

  <body>
    <div class="ui small inverted menu">
      <a class="item">
        Home
      </a>
      <a class="item">
        Messages
      </a>
      <div class="right menu">
        <div class="ui dropdown item">
          Language <i class="dropdown icon"></i>
          <div class="menu">
            <a class="item">English</a>
            <a class="item">Russian</a>
            <a class="item">Spanish</a>
          </div>
        </div>
        <div class="item">
            <div class="ui primary button">Sign Up</div>
        </div>
      </div>
    </div>
    <%= yield %>
  </body>
</html>

):
1:    <!DOCTYPE html>
2:    <html>
3:      <head>
4:        <title><%= content_for(:title) || "Message Me" %></title>
5:        <meta name="viewport" content="width=device-width,initial-scale=1">
6:        <meta name="apple-mobile-web-app-capable" content="yes">
7:        <meta name="mobile-web-app-capable" content="yes">
8:        <%= csrf_meta_tags %>
9:        <%= csp_meta_tag %>
10:    
11:        <%= yield :head %>
12:    
13:        <%# Enable PWA manifest for installable apps (make sure to enable in config/routes.rb too!) %>
14:        <%#= tag.link rel: "manifest", href: pwa_manifest_path(format: :json) %>
15:    
16:        <link rel="icon" href="/icon.png" type="image/png">
17:        <link rel="icon" href="/icon.svg" type="image/svg+xml">
18:        <link rel="apple-touch-icon" href="/icon.png">
19:    
20:        <%# Includes all stylesheet files in app/assets/stylesheets %>
21:        <%= stylesheet_link_tag :app, "data-turbo-track": "reload" %>
22:        <%= stylesheet_link_tag "custom.css.scss, "data-turbo-track": "reload" %>
23:        <%= javascript_importmap_tags %>
24:      </head>
25:    
26:      <body>
27:        <div class="ui small inverted menu">
28:          <a class="item">
29:            Home
30:          </a>
31:          <a class="item">
32:            Messages
33:          </a>
34:          <div class="right menu">
35:            <div class="ui dropdown item">
36:              Language <i class="dropdown icon"></i>
37:              <div class="menu">
38:                <a class="item">English</a>
39:                <a class="item">Russian</a>
40:                <a class="item">Spanish</a>
41:              </div>
42:            </div>
43:            <div class="item">
44:                <div class="ui primary button">Sign Up</div>
45:            </div>
46:          </div>
47:        </div>
48:        <%= yield %>
49:      </body>
50:    </html>
  
app/views/layouts/application.html.erb:22: syntax errors found

Information for cause: ActiveSupport::SyntaxErrorProxy (E:/asad project/ruby training/message me demo/message_me/app/views/layouts/application.html.erb:22: syntax errors found
  [2m20 | [m'.freeze;
  [2m21 | [m @output_buffer.safe_append='    '.freeze; @output_buffer.append=( stylesheet_link_tag :app, "data-turbo-track": "reload" ); @output_buffer.safe_append='
[1;31m> [m[2m22 | [m... data-turbo-track": "reload" ); @output_buffer.safe_appen ...
  [2m   | [m    [1;31m^~~~[m unexpected local variable or method, expecting end-of-input
  [2m   | [m                    [1;31m^[m unexpected string literal, expecting end-of-input
  [2m   | [m                        [1;31m^~~~~~[m unexpected local variable or method, expecting end-of-input
  [2m23 | [m    '.freeze; @output_buffer.append=( javascript_importmap_tags ); @output_buffer.safe_append='
  [2m24 | [m  </head>
  [2m25 | [m
  [2m26 | [m  <body>
[1;31m> [m[2m27 | [m    <div class="ui small inverted menu">
  [2m   | [m                [1;31m^~[m unexpected local variable or method, expecting end-of-input
[1;31m> [m[2m28 | [m      <a class="item">
  [2m   | [m                [1;31m^~~~[m unexpected local variable or method, expecting end-of-input
  [2m29 | [m        Home
  [2m30 | [m      </a>
[1;31m> [m[2m31 | [m      <a class="item">
  [2m   | [m                [1;31m^~~~[m unexpected local variable or method, expecting end-of-input
  [2m32 | [m        Messages
  [2m33 | [m      </a>
[1;31m> [m[2m34 | [m      <div class="right menu">
  [2m   | [m                  [1;31m^~~~~[m unexpected local variable or method, expecting end-of-input
[1;31m> [m[2m35 | [m        <div class="ui dropdown item">
  [2m   | [m                    [1;31m^~[m unexpected local variable or method, expecting end-of-input
[1;31m> [m[2m36 | [m          Language <i class="dropdown icon"></i>
  [2m   | [m                             [1;31m^~~~~~~~[m unexpected local variable or method, expecting end-of-input
[1;31m> [m[2m37 | [m          <div class="menu">
  [2m   | [m                      [1;31m^~~~[m unexpected local variable or method, expecting end-of-input
[1;31m> [m[2m38 | [m            <a class="item">English</a>
  [2m   | [m                      [1;31m^~~~[m unexpected local variable or method, expecting end-of-input
[1;31m> [m[2m39 | [m            <a class="item">Russian</a>
  [2m   | [m                      [1;31m^~~~[m unexpected local variable or method, expecting end-of-input
[1;31m> [m[2m40 | [m            <a class="item">Spanish</a>
  [2m   | [m                      [1;31m^~~~[m unexpected local variable or method, expecting end-of-input
  [2m41 | [m          </div>
  [2m42 | [m        </div>
[1;31m> [m[2m43 | [m        <div class="item">
  [2m   | [m                    [1;31m^~~~[m unexpected local variable or method, expecting end-of-input
[1;31m> [m[2m44 | [m            <div class="ui primary button">Sign Up</div> ...
  [2m   | [m                        [1;31m^~[m unexpected local variable or method, expecting end-of-input
  [2m45 | [m        </div>
  [2m46 | [m      </div>
[2m  ~~~~~~[m
  [2m51 | [m'.freeze;
  [2m52 | [m@output_buffer.safe_append='<!-- END app/views/layouts/application.html.erb -->';@output_buffer
[1;31m> [m[2m53 | [m          end
  [2m   | [m             [1;31m^[m unterminated string meets end of file
[1;31m> [m[2m54 | [m
  [2m   | [m[1;31m^[m expected an `end` to close the `def` statement

  [2m   | [m[1;31m^[m expected a matching `)`

  [2m   | [m[1;31m^[m unexpected end-of-input, assuming it is closing the parent top level context
):
  
app/views/layouts/application.html.erb:22: syntax errors found
Started GET "/" for ::1 at 2025-04-22 12:21:29 +0500
Processing by ChatroomController#index as HTML
  Rendering layout layouts/application.html.erb
  Rendering chatroom/index.html.erb within layouts/application
  Rendered chatroom/index.html.erb within layouts/application (Duration: 0.7ms | GC: 0.0ms)
  Rendered layout layouts/application.html.erb (Duration: 2.5ms | GC: 0.0ms)
Completed 500 Internal Server Error in 1655ms (ActiveRecord: 0.0ms (0 queries, 0 cached) | GC: 0.0ms)


  
ActionView::Template::Error (The asset 'custom.css.scss.css' was not found in the load path.)
Caused by: Propshaft::MissingAssetError (The asset 'custom.css.scss.css' was not found in the load path.)

Information for: ActionView::Template::Error (The asset 'custom.css.scss.css' was not found in the load path.):
    19: 
    20:     <%# Includes all stylesheet files in app/assets/stylesheets %>
    21:     <%= stylesheet_link_tag :app, "data-turbo-track": "reload" %>
    22:     <%= stylesheet_link_tag "custom.css.scss", "data-turbo-track": "reload" %>
    23:     <%= javascript_importmap_tags %>
    24:   </head>
    25: 
  
app/views/layouts/application.html.erb:22

Information for cause: Propshaft::MissingAssetError (The asset 'custom.css.scss.css' was not found in the load path.):
  
app/views/layouts/application.html.erb:22
Started GET "/" for ::1 at 2025-04-22 12:23:27 +0500
Processing by ChatroomController#index as HTML
  Rendering layout layouts/application.html.erb
  Rendering chatroom/index.html.erb within layouts/application
  Rendered chatroom/index.html.erb within layouts/application (Duration: 0.6ms | GC: 0.0ms)
  Rendered layout layouts/application.html.erb (Duration: 2.6ms | GC: 0.0ms)
Completed 500 Internal Server Error in 1620ms (ActiveRecord: 0.0ms (0 queries, 0 cached) | GC: 0.0ms)


  
ActionView::Template::Error (The asset 'custom.css' was not found in the load path.)
Caused by: Propshaft::MissingAssetError (The asset 'custom.css' was not found in the load path.)

Information for: ActionView::Template::Error (The asset 'custom.css' was not found in the load path.):
    19: 
    20:     <%# Includes all stylesheet files in app/assets/stylesheets %>
    21:     <%= stylesheet_link_tag :app, "data-turbo-track": "reload" %>
    22:     <%= stylesheet_link_tag "custom", "data-turbo-track": "reload" %>
    23:     <%= javascript_importmap_tags %>
    24:   </head>
    25: 
  
app/views/layouts/application.html.erb:22

Information for cause: Propshaft::MissingAssetError (The asset 'custom.css' was not found in the load path.):
  
app/views/layouts/application.html.erb:22
Started GET "/" for ::1 at 2025-04-22 12:24:12 +0500
Processing by ChatroomController#index as HTML
  Rendering layout layouts/application.html.erb
  Rendering chatroom/index.html.erb within layouts/application
  Rendered chatroom/index.html.erb within layouts/application (Duration: 0.5ms | GC: 0.0ms)
  Rendered layout layouts/application.html.erb (Duration: 2.8ms | GC: 0.0ms)
Completed 500 Internal Server Error in 1638ms (ActiveRecord: 0.0ms (0 queries, 0 cached) | GC: 0.0ms)


  
ActionView::Template::Error (The asset 'custom.css.scss.css' was not found in the load path.)
Caused by: Propshaft::MissingAssetError (The asset 'custom.css.scss.css' was not found in the load path.)

Information for: ActionView::Template::Error (The asset 'custom.css.scss.css' was not found in the load path.):
    19: 
    20:     <%# Includes all stylesheet files in app/assets/stylesheets %>
    21:     <%= stylesheet_link_tag :app, "data-turbo-track": "reload" %>
    22:     <%= stylesheet_link_tag "custom.css.scss", "data-turbo-track": "reload" %>
    23:     <%= javascript_importmap_tags %>
    24:   </head>
    25: 
  
app/views/layouts/application.html.erb:22

Information for cause: Propshaft::MissingAssetError (The asset 'custom.css.scss.css' was not found in the load path.):
  
app/views/layouts/application.html.erb:22
Started GET "/" for ::1 at 2025-04-22 12:30:03 +0500
Processing by ChatroomController#index as HTML
  Rendering layout layouts/application.html.erb
  Rendering chatroom/index.html.erb within layouts/application
  Rendered chatroom/index.html.erb within layouts/application (Duration: 0.5ms | GC: 0.0ms)
  Rendered layout layouts/application.html.erb (Duration: 11.1ms | GC: 0.0ms)
Completed 200 OK in 1725ms (Views: 17.8ms | ActiveRecord: 0.0ms (0 queries, 0 cached) | GC: 0.0ms)


Started GET "/assets/custom-8355f6f4.css" for ::1 at 2025-04-22 12:30:05 +0500
Started GET "/assets/semantic-ui" for ::1 at 2025-04-22 12:30:05 +0500
Started GET "/" for ::1 at 2025-04-22 12:32:22 +0500
  [1m[36mActiveRecord::SchemaMigration Load (0.1ms)[0m  [1m[34mSELECT "schema_migrations"."version" FROM "schema_migrations" ORDER BY "schema_migrations"."version" ASC /*application='MessageMe'*/[0m
Processing by ChatroomController#index as HTML
  Rendering layout layouts/application.html.erb
  Rendering chatroom/index.html.erb within layouts/application
  Rendered chatroom/index.html.erb within layouts/application (Duration: 0.7ms | GC: 0.0ms)
  Rendered layout layouts/application.html.erb (Duration: 64.5ms | GC: 0.2ms)
Completed 200 OK in 3196ms (Views: 76.4ms | ActiveRecord: 0.0ms (0 queries, 0 cached) | GC: 0.2ms)


Started GET "/assets/semantic-ui" for ::1 at 2025-04-22 12:32:26 +0500
Started GET "/" for ::1 at 2025-04-22 12:34:40 +0500
  [1m[36mActiveRecord::SchemaMigration Load (0.1ms)[0m  [1m[34mSELECT "schema_migrations"."version" FROM "schema_migrations" ORDER BY "schema_migrations"."version" ASC /*application='MessageMe'*/[0m
Processing by ChatroomController#index as HTML
  Rendering layout layouts/application.html.erb
  Rendering chatroom/index.html.erb within layouts/application
  Rendered chatroom/index.html.erb within layouts/application (Duration: 0.7ms | GC: 0.0ms)
  Rendered layout layouts/application.html.erb (Duration: 57.1ms | GC: 0.0ms)
Completed 200 OK in 3303ms (Views: 68.9ms | ActiveRecord: 0.0ms (0 queries, 0 cached) | GC: 0.2ms)


Started GET "/assets/custom-3522781e.css" for ::1 at 2025-04-22 12:34:44 +0500
Started GET "/assets/semantic-ui-css/semantic.min.css" for ::1 at 2025-04-22 12:34:44 +0500
Started GET "/" for ::1 at 2025-04-22 12:38:03 +0500
  [1m[36mActiveRecord::SchemaMigration Load (0.1ms)[0m  [1m[34mSELECT "schema_migrations"."version" FROM "schema_migrations" ORDER BY "schema_migrations"."version" ASC /*application='MessageMe'*/[0m
Processing by ChatroomController#index as HTML
  Rendering layout layouts/application.html.erb
  Rendering chatroom/index.html.erb within layouts/application
  Rendered chatroom/index.html.erb within layouts/application (Duration: 0.8ms | GC: 0.0ms)
  Rendered layout layouts/application.html.erb (Duration: 116.1ms | GC: 0.2ms)
Completed 200 OK in 6472ms (Views: 130.2ms | ActiveRecord: 0.0ms (0 queries, 0 cached) | GC: 0.3ms)


Started GET "/assets/custom-9308dcd6.css" for ::1 at 2025-04-22 12:38:09 +0500
Started GET "/assets/semantic-ui-css/semantic.min.css" for ::1 at 2025-04-22 12:38:09 +0500
Started GET "/" for ::1 at 2025-04-22 12:39:43 +0500
Processing by ChatroomController#index as HTML
  Rendering layout layouts/application.html.erb
  Rendering chatroom/index.html.erb within layouts/application
  Rendered chatroom/index.html.erb within layouts/application (Duration: 0.4ms | GC: 0.0ms)
  Rendered layout layouts/application.html.erb (Duration: 3.1ms | GC: 0.0ms)
Completed 200 OK in 3279ms (Views: 3.6ms | ActiveRecord: 0.0ms (0 queries, 0 cached) | GC: 0.0ms)


Started GET "/assets/semantic-ui-css/semantic.min.css" for ::1 at 2025-04-22 12:39:46 +0500
Started GET "/" for ::1 at 2025-04-22 12:44:41 +0500
Processing by ChatroomController#index as HTML
Started GET "/" for ::1 at 2025-04-22 12:44:41 +0500
Processing by ChatroomController#index as HTML
Started GET "/" for ::1 at 2025-04-22 12:44:42 +0500
Processing by ChatroomController#index as HTML
  Rendering layout layouts/application.html.erb
  Rendering chatroom/index.html.erb within layouts/application
  Rendered chatroom/index.html.erb within layouts/application (Duration: 1.0ms | GC: 0.0ms)
  Rendering layout layouts/application.html.erb
  Rendering chatroom/index.html.erb within layouts/application
  Rendered chatroom/index.html.erb within layouts/application (Duration: 2.0ms | GC: 0.0ms)
  Rendered layout layouts/application.html.erb (Duration: 54.3ms | GC: 0.0ms)
Completed 200 OK in 7940ms (Views: 55.6ms | ActiveRecord: 0.0ms (0 queries, 0 cached) | GC: 0.0ms)


Started GET "/" for ::1 at 2025-04-22 12:44:49 +0500
  Rendered layout layouts/application.html.erb (Duration: 386.9ms | GC: 0.0ms)
Completed 200 OK in 7774ms (Views: 388.7ms | ActiveRecord: 0.0ms (0 queries, 0 cached) | GC: 0.0ms)


Processing by ChatroomController#index as HTML
  Rendering layout layouts/application.html.erb
  Rendering chatroom/index.html.erb within layouts/application
  Rendered chatroom/index.html.erb within layouts/application (Duration: 0.4ms | GC: 0.0ms)
  Rendered layout layouts/application.html.erb (Duration: 1.8ms | GC: 0.0ms)
Completed 200 OK in 7499ms (Views: 2.6ms | ActiveRecord: 0.0ms (0 queries, 0 cached) | GC: 0.0ms)


  Rendering layout layouts/application.html.erb
  Rendering chatroom/index.html.erb within layouts/application
  Rendered chatroom/index.html.erb within layouts/application (Duration: 0.2ms | GC: 0.0ms)
  Rendered layout layouts/application.html.erb (Duration: 1.4ms | GC: 0.0ms)
Completed 200 OK in 3445ms (Views: 1.7ms | ActiveRecord: 0.0ms (0 queries, 0 cached) | GC: 0.0ms)


Started GET "/assets/application-aa8cc915.js" for ::1 at 2025-04-22 12:44:53 +0500
Started GET "/assets/semantic-ui-css/semantic.min.css" for ::1 at 2025-04-22 12:44:53 +0500
Started GET "/" for ::1 at 2025-04-22 12:45:13 +0500
Processing by ChatroomController#index as HTML
  Rendering layout layouts/application.html.erb
  Rendering chatroom/index.html.erb within layouts/application
  Rendered chatroom/index.html.erb within layouts/application (Duration: 0.4ms | GC: 0.0ms)
  Rendered layout layouts/application.html.erb (Duration: 1.7ms | GC: 0.0ms)
Completed 200 OK in 3099ms (Views: 2.2ms | ActiveRecord: 0.0ms (0 queries, 0 cached) | GC: 0.0ms)


Started GET "/assets/semantic-ui-css/semantic.min.css" for ::1 at 2025-04-22 12:45:16 +0500
Started GET "/" for ::1 at 2025-04-22 12:47:27 +0500
Processing by ChatroomController#index as HTML
  Rendering layout layouts/application.html.erb
  Rendering chatroom/index.html.erb within layouts/application
  Rendered chatroom/index.html.erb within layouts/application (Duration: 0.5ms | GC: 0.0ms)
  Rendered layout layouts/application.html.erb (Duration: 9.8ms | GC: 0.0ms)
Completed 200 OK in 3302ms (Views: 16.6ms | ActiveRecord: 0.0ms (0 queries, 0 cached) | GC: 0.0ms)


Started GET "/assets/semantic-ui-css/semantic.min.css" for ::1 at 2025-04-22 12:47:31 +0500
Started GET "/" for ::1 at 2025-04-22 12:47:49 +0500
Processing by ChatroomController#index as HTML
  Rendering layout layouts/application.html.erb
  Rendering chatroom/index.html.erb within layouts/application
  Rendered chatroom/index.html.erb within layouts/application (Duration: 0.5ms | GC: 0.0ms)
  Rendered layout layouts/application.html.erb (Duration: 6.3ms | GC: 0.0ms)
Completed 200 OK in 3236ms (Views: 14.0ms | ActiveRecord: 0.0ms (0 queries, 0 cached) | GC: 0.0ms)


Started GET "/assets/semantic-ui-css/semantic.min.css" for ::1 at 2025-04-22 12:47:53 +0500
Started GET "/" for ::1 at 2025-04-22 12:50:09 +0500
Processing by ChatroomController#index as HTML
  Rendering layout layouts/application.html.erb
  Rendering chatroom/index.html.erb within layouts/application
  Rendered chatroom/index.html.erb within layouts/application (Duration: 0.5ms | GC: 0.0ms)
  Rendered layout layouts/application.html.erb (Duration: 6.5ms | GC: 0.0ms)
Completed 500 Internal Server Error in 3170ms (ActiveRecord: 0.0ms (0 queries, 0 cached) | GC: 0.0ms)


  
ActionView::Template::Error (undefined method 'rendard' for an instance of #<Class:0x000001ee6bf26880>)
Caused by: NoMethodError (undefined method 'rendard' for an instance of #<Class:0x000001ee6bf26880>)

Information for: ActionView::Template::Error (undefined method 'rendard' for an instance of #<Class:0x000001ee6bf26880>):
    24:   </head>
    25: 
    26:   <body>
    27:     <%= rendard "layout/nevigation"%>
    28:     <%= yield %>
    29:   </body>
    30: </html>
  
app/views/layouts/application.html.erb:27

Information for cause: NoMethodError (undefined method 'rendard' for an instance of #<Class:0x000001ee6bf26880>):
  
app/views/layouts/application.html.erb:27
Started GET "/" for ::1 at 2025-04-22 12:50:23 +0500
Processing by ChatroomController#index as HTML
  Rendering layout layouts/application.html.erb
  Rendering chatroom/index.html.erb within layouts/application
  Rendered chatroom/index.html.erb within layouts/application (Duration: 0.6ms | GC: 0.0ms)
  Rendered layout layouts/application.html.erb (Duration: 9.0ms | GC: 0.0ms)
Completed 500 Internal Server Error in 3125ms (ActiveRecord: 0.0ms (0 queries, 0 cached) | GC: 0.0ms)


  
ActionView::Template::Error (Missing partial layout/_nevigation with {locale: [:en], formats: [:html], variants: [], handlers: [:raw, :erb, :html, :builder, :ruby, :jbuilder]}.

Searched in:
  * "E:/asad project/ruby training/message me demo/message_me/app/views"
  * "C:/Users/asadmehmood2/.local/share/gem/ruby/3.4.0/gems/semantic-ui-sass-2.4.4.0/app/views"
  * "C:/Ruby34-x64/lib/ruby/gems/3.4.0/gems/turbo-rails-2.0.13/app/views"
  * "C:/Ruby34-x64/lib/ruby/gems/3.4.0/gems/actiontext-8.0.2/app/views"
  * "C:/Ruby34-x64/lib/ruby/gems/3.4.0/gems/actionmailbox-8.0.2/app/views"
)
Caused by: ActionView::MissingTemplate (Missing partial layout/_nevigation with {locale: [:en], formats: [:html], variants: [], handlers: [:raw, :erb, :html, :builder, :ruby, :jbuilder]}.

Searched in:
  * "E:/asad project/ruby training/message me demo/message_me/app/views"
  * "C:/Users/asadmehmood2/.local/share/gem/ruby/3.4.0/gems/semantic-ui-sass-2.4.4.0/app/views"
  * "C:/Ruby34-x64/lib/ruby/gems/3.4.0/gems/turbo-rails-2.0.13/app/views"
  * "C:/Ruby34-x64/lib/ruby/gems/3.4.0/gems/actiontext-8.0.2/app/views"
  * "C:/Ruby34-x64/lib/ruby/gems/3.4.0/gems/actionmailbox-8.0.2/app/views"
)

Information for: ActionView::Template::Error (Missing partial layout/_nevigation with {locale: [:en], formats: [:html], variants: [], handlers: [:raw, :erb, :html, :builder, :ruby, :jbuilder]}.

Searched in:
  * "E:/asad project/ruby training/message me demo/message_me/app/views"
  * "C:/Users/asadmehmood2/.local/share/gem/ruby/3.4.0/gems/semantic-ui-sass-2.4.4.0/app/views"
  * "C:/Ruby34-x64/lib/ruby/gems/3.4.0/gems/turbo-rails-2.0.13/app/views"
  * "C:/Ruby34-x64/lib/ruby/gems/3.4.0/gems/actiontext-8.0.2/app/views"
  * "C:/Ruby34-x64/lib/ruby/gems/3.4.0/gems/actionmailbox-8.0.2/app/views"
):
    24:   </head>
    25: 
    26:   <body>
    27:     <%= render "layout/nevigation"%>
    28:     <%= yield %>
    29:   </body>
    30: </html>
  
app/views/layouts/application.html.erb:27

Information for cause: ActionView::MissingTemplate (Missing partial layout/_nevigation with {locale: [:en], formats: [:html], variants: [], handlers: [:raw, :erb, :html, :builder, :ruby, :jbuilder]}.

Searched in:
  * "E:/asad project/ruby training/message me demo/message_me/app/views"
  * "C:/Users/asadmehmood2/.local/share/gem/ruby/3.4.0/gems/semantic-ui-sass-2.4.4.0/app/views"
  * "C:/Ruby34-x64/lib/ruby/gems/3.4.0/gems/turbo-rails-2.0.13/app/views"
  * "C:/Ruby34-x64/lib/ruby/gems/3.4.0/gems/actiontext-8.0.2/app/views"
  * "C:/Ruby34-x64/lib/ruby/gems/3.4.0/gems/actionmailbox-8.0.2/app/views"
):
  
app/views/layouts/application.html.erb:27
Started GET "/" for ::1 at 2025-04-22 12:51:12 +0500
Processing by ChatroomController#index as HTML
  Rendering layout layouts/application.html.erb
  Rendering chatroom/index.html.erb within layouts/application
  Rendered chatroom/index.html.erb within layouts/application (Duration: 0.7ms | GC: 0.0ms)
  Rendered layout layouts/application.html.erb (Duration: 11.8ms | GC: 0.0ms)
Completed 500 Internal Server Error in 3250ms (ActiveRecord: 0.0ms (0 queries, 0 cached) | GC: 0.0ms)


  
ActionView::Template::Error (Missing partial layouts/_nevigation with {locale: [:en], formats: [:html], variants: [], handlers: [:raw, :erb, :html, :builder, :ruby, :jbuilder]}.

Searched in:
  * "E:/asad project/ruby training/message me demo/message_me/app/views"
  * "C:/Users/asadmehmood2/.local/share/gem/ruby/3.4.0/gems/semantic-ui-sass-2.4.4.0/app/views"
  * "C:/Ruby34-x64/lib/ruby/gems/3.4.0/gems/turbo-rails-2.0.13/app/views"
  * "C:/Ruby34-x64/lib/ruby/gems/3.4.0/gems/actiontext-8.0.2/app/views"
  * "C:/Ruby34-x64/lib/ruby/gems/3.4.0/gems/actionmailbox-8.0.2/app/views"
)
Caused by: ActionView::MissingTemplate (Missing partial layouts/_nevigation with {locale: [:en], formats: [:html], variants: [], handlers: [:raw, :erb, :html, :builder, :ruby, :jbuilder]}.

Searched in:
  * "E:/asad project/ruby training/message me demo/message_me/app/views"
  * "C:/Users/asadmehmood2/.local/share/gem/ruby/3.4.0/gems/semantic-ui-sass-2.4.4.0/app/views"
  * "C:/Ruby34-x64/lib/ruby/gems/3.4.0/gems/turbo-rails-2.0.13/app/views"
  * "C:/Ruby34-x64/lib/ruby/gems/3.4.0/gems/actiontext-8.0.2/app/views"
  * "C:/Ruby34-x64/lib/ruby/gems/3.4.0/gems/actionmailbox-8.0.2/app/views"
)

Information for: ActionView::Template::Error (Missing partial layouts/_nevigation with {locale: [:en], formats: [:html], variants: [], handlers: [:raw, :erb, :html, :builder, :ruby, :jbuilder]}.

Searched in:
  * "E:/asad project/ruby training/message me demo/message_me/app/views"
  * "C:/Users/asadmehmood2/.local/share/gem/ruby/3.4.0/gems/semantic-ui-sass-2.4.4.0/app/views"
  * "C:/Ruby34-x64/lib/ruby/gems/3.4.0/gems/turbo-rails-2.0.13/app/views"
  * "C:/Ruby34-x64/lib/ruby/gems/3.4.0/gems/actiontext-8.0.2/app/views"
  * "C:/Ruby34-x64/lib/ruby/gems/3.4.0/gems/actionmailbox-8.0.2/app/views"
):
    24:   </head>
    25: 
    26:   <body>
    27:     <%= render "layouts/nevigation"%>
    28:     <%= yield %>
    29:   </body>
    30: </html>
  
app/views/layouts/application.html.erb:27

Information for cause: ActionView::MissingTemplate (Missing partial layouts/_nevigation with {locale: [:en], formats: [:html], variants: [], handlers: [:raw, :erb, :html, :builder, :ruby, :jbuilder]}.

Searched in:
  * "E:/asad project/ruby training/message me demo/message_me/app/views"
  * "C:/Users/asadmehmood2/.local/share/gem/ruby/3.4.0/gems/semantic-ui-sass-2.4.4.0/app/views"
  * "C:/Ruby34-x64/lib/ruby/gems/3.4.0/gems/turbo-rails-2.0.13/app/views"
  * "C:/Ruby34-x64/lib/ruby/gems/3.4.0/gems/actiontext-8.0.2/app/views"
  * "C:/Ruby34-x64/lib/ruby/gems/3.4.0/gems/actionmailbox-8.0.2/app/views"
):
  
app/views/layouts/application.html.erb:27
Started GET "/" for ::1 at 2025-04-22 12:51:35 +0500
Processing by ChatroomController#index as HTML
  Rendering layout layouts/application.html.erb
  Rendering chatroom/index.html.erb within layouts/application
  Rendered chatroom/index.html.erb within layouts/application (Duration: 0.5ms | GC: 0.0ms)
  Rendered layouts/_navigation.html.erb (Duration: 0.3ms | GC: 0.0ms)
  Rendered layout layouts/application.html.erb (Duration: 6.2ms | GC: 0.0ms)
Completed 200 OK in 3145ms (Views: 12.6ms | ActiveRecord: 0.0ms (0 queries, 0 cached) | GC: 0.2ms)


Started GET "/assets/custom-9308dcd6.css" for ::1 at 2025-04-22 12:51:38 +0500
Started GET "/assets/semantic-ui-css/semantic.min.css" for ::1 at 2025-04-22 12:51:38 +0500
Started GET "/" for ::1 at 2025-04-22 12:54:08 +0500
Processing by ChatroomController#index as HTML
  Rendering layout layouts/application.html.erb
  Rendering chatroom/index.html.erb within layouts/application
  Rendered chatroom/index.html.erb within layouts/application (Duration: 0.7ms | GC: 0.0ms)
  Rendered layouts/_navigation.html.erb (Duration: 0.3ms | GC: 0.0ms)
  Rendered layout layouts/application.html.erb (Duration: 6.7ms | GC: 0.0ms)
Completed 200 OK in 3097ms (Views: 13.2ms | ActiveRecord: 0.0ms (0 queries, 0 cached) | GC: 0.0ms)


Started GET "/assets/semantic-ui-css/semantic.min.css" for ::1 at 2025-04-22 12:54:11 +0500
Started GET "/users" for ::1 at 2025-04-22 13:03:16 +0500
  
ActionController::RoutingError (No route matches [GET] "/users"):
  
Started GET "/" for ::1 at 2025-04-22 13:03:18 +0500
Processing by ChatroomController#index as HTML
  Rendering layout layouts/application.html.erb
  Rendering chatroom/index.html.erb within layouts/application
  Rendered chatroom/index.html.erb within layouts/application (Duration: 0.6ms | GC: 0.0ms)
  Rendered layout layouts/application.html.erb (Duration: 1.9ms | GC: 0.0ms)
Completed 500 Internal Server Error in 3100ms (ActiveRecord: 0.0ms (0 queries, 0 cached) | GC: 0.0ms)


  
ActionView::Template::Error (The asset 'favicon.ico' was not found in the load path.)
Caused by: Propshaft::MissingAssetError (The asset 'favicon.ico' was not found in the load path.)

Information for: ActionView::Template::Error (The asset 'favicon.ico' was not found in the load path.):
    2: <html>
    3:   <head>
    4:     <title><%= content_for(:title) || "Message Me" %></title>
    5:     <%= favicon_link_tag %>
    6:     <meta name="viewport" content="width=device-width,initial-scale=1">
    7:     <meta name="apple-mobile-web-app-capable" content="yes">
    8:     <meta name="mobile-web-app-capable" content="yes">
  
app/views/layouts/application.html.erb:5

Information for cause: Propshaft::MissingAssetError (The asset 'favicon.ico' was not found in the load path.):
  
app/views/layouts/application.html.erb:5
Started GET "/" for ::1 at 2025-04-22 13:04:09 +0500
Processing by ChatroomController#index as HTML
  Rendering layout layouts/application.html.erb
  Rendering chatroom/index.html.erb within layouts/application
  Rendered chatroom/index.html.erb within layouts/application (Duration: 0.3ms | GC: 0.0ms)
  Rendered layout layouts/application.html.erb (Duration: 1.4ms | GC: 0.0ms)
Completed 500 Internal Server Error in 3210ms (ActiveRecord: 0.0ms (0 queries, 0 cached) | GC: 0.0ms)


  
ActionView::Template::Error (The asset 'favicon.ico' was not found in the load path.)
Caused by: Propshaft::MissingAssetError (The asset 'favicon.ico' was not found in the load path.)

Information for: ActionView::Template::Error (The asset 'favicon.ico' was not found in the load path.):
    2: <html>
    3:   <head>
    4:     <title><%= content_for(:title) || "Message Me" %></title>
    5:     <%= favicon_link_tag %>
    6:     <meta name="viewport" content="width=device-width,initial-scale=1">
    7:     <meta name="apple-mobile-web-app-capable" content="yes">
    8:     <meta name="mobile-web-app-capable" content="yes">
  
app/views/layouts/application.html.erb:5

Information for cause: Propshaft::MissingAssetError (The asset 'favicon.ico' was not found in the load path.):
  
app/views/layouts/application.html.erb:5
Started GET "/favicon.ico" for ::1 at 2025-04-22 13:04:13 +0500
  
ActionController::RoutingError (No route matches [GET] "/favicon.ico"):
  
Started GET "/" for ::1 at 2025-04-22 13:06:04 +0500
  [1m[36mActiveRecord::SchemaMigration Load (0.1ms)[0m  [1m[34mSELECT "schema_migrations"."version" FROM "schema_migrations" ORDER BY "schema_migrations"."version" ASC /*application='MessageMe'*/[0m
Processing by ChatroomController#index as HTML
  Rendering layout layouts/application.html.erb
  Rendering chatroom/index.html.erb within layouts/application
  Rendered chatroom/index.html.erb within layouts/application (Duration: 0.7ms | GC: 0.0ms)
  Rendered layouts/_navigation.html.erb (Duration: 0.4ms | GC: 0.0ms)
  Rendered layout layouts/application.html.erb (Duration: 106.7ms | GC: 0.0ms)
Completed 200 OK in 6427ms (Views: 118.8ms | ActiveRecord: 0.0ms (0 queries, 0 cached) | GC: 0.0ms)


Started GET "/assets/semantic-ui-css/semantic.min.css" for ::1 at 2025-04-22 13:06:11 +0500
Started GET "/" for ::1 at 2025-04-22 13:06:17 +0500
Processing by ChatroomController#index as HTML
Started GET "/" for 127.0.0.1 at 2025-04-22 13:06:17 +0500
Started GET "/" for 127.0.0.1 at 2025-04-22 13:06:17 +0500
Processing by ChatroomController#index as HTML
Processing by ChatroomController#index as HTML
  Rendering layout layouts/application.html.erb
  Rendering chatroom/index.html.erb within layouts/application
  Rendered chatroom/index.html.erb within layouts/application (Duration: 2.7ms | GC: 0.0ms)
  Rendered layouts/_navigation.html.erb (Duration: 0.0ms | GC: 0.0ms)
  Rendered layout layouts/application.html.erb (Duration: 11.4ms | GC: 0.0ms)
Completed 200 OK in 7914ms (Views: 14.5ms | ActiveRecord: 0.0ms (0 queries, 0 cached) | GC: 0.0ms)


Started GET "/" for ::1 at 2025-04-22 13:06:25 +0500
Processing by ChatroomController#index as HTML
  Rendering layout layouts/application.html.erb
  Rendering chatroom/index.html.erb within layouts/application
  Rendered chatroom/index.html.erb within layouts/application (Duration: 0.9ms | GC: 0.0ms)
  Rendered layouts/_navigation.html.erb (Duration: 0.0ms | GC: 0.0ms)
  Rendered layout layouts/application.html.erb (Duration: 4.0ms | GC: 0.0ms)
Completed 200 OK in 8123ms (Views: 4.9ms | ActiveRecord: 0.0ms (0 queries, 0 cached) | GC: 0.0ms)


Started GET "/" for ::1 at 2025-04-22 13:06:25 +0500
  Rendering layout layouts/application.html.erb
  Rendering chatroom/index.html.erb within layouts/application
  Rendered chatroom/index.html.erb within layouts/application (Duration: 0.9ms | GC: 0.0ms)
  Rendered layouts/_navigation.html.erb (Duration: 0.0ms | GC: 0.0ms)
  Rendered layout layouts/application.html.erb (Duration: 4.5ms | GC: 0.0ms)
Completed 200 OK in 8079ms (Views: 5.0ms | ActiveRecord: 0.0ms (0 queries, 0 cached) | GC: 0.0ms)


Processing by ChatroomController#index as HTML
  Rendering layout layouts/application.html.erb
  Rendering chatroom/index.html.erb within layouts/application
  Rendered chatroom/index.html.erb within layouts/application (Duration: 1.4ms | GC: 0.0ms)
  Rendered layouts/_navigation.html.erb (Duration: 0.0ms | GC: 0.0ms)
  Rendered layout layouts/application.html.erb (Duration: 6.6ms | GC: 0.0ms)
Completed 200 OK in 5363ms (Views: 8.1ms | ActiveRecord: 0.0ms (0 queries, 0 cached) | GC: 0.0ms)


  Rendering layout layouts/application.html.erb
  Rendering chatroom/index.html.erb within layouts/application
  Rendered chatroom/index.html.erb within layouts/application (Duration: 0.3ms | GC: 0.0ms)
  Rendered layouts/_navigation.html.erb (Duration: 0.0ms | GC: 0.0ms)
  Rendered layout layouts/application.html.erb (Duration: 1.9ms | GC: 0.0ms)
Completed 200 OK in 5224ms (Views: 2.5ms | ActiveRecord: 0.0ms (0 queries, 0 cached) | GC: 0.0ms)


Started GET "/assets/application-aa8cc915.js" for ::1 at 2025-04-22 13:06:31 +0500
Started GET "/assets/semantic-ui-css/semantic.min.css" for ::1 at 2025-04-22 13:06:31 +0500
Started GET "/assets/stimulus.min-4b1e420e.js" for ::1 at 2025-04-22 13:06:31 +0500
Started GET "/assets/controllers/index-ee64e1f1.js" for ::1 at 2025-04-22 13:06:31 +0500
Started GET "/assets/controllers/hello_controller-708796bd.js" for ::1 at 2025-04-22 13:06:31 +0500
Started GET "/assets/turbo.min-1262d735.js" for ::1 at 2025-04-22 13:06:31 +0500
Started GET "/assets/stimulus-loading-1fc53fe7.js" for ::1 at 2025-04-22 13:06:31 +0500
Started GET "/assets/controllers/application-3affb389.js" for ::1 at 2025-04-22 13:06:31 +0500
Started GET "/assets/favicon-f380cf88.ico" for ::1 at 2025-04-22 13:06:32 +0500
Started GET "/" for ::1 at 2025-04-22 13:14:23 +0500
Processing by ChatroomController#index as HTML
  Rendering layout layouts/application.html.erb
  Rendering chatroom/index.html.erb within layouts/application
  Rendered chatroom/index.html.erb within layouts/application (Duration: 0.6ms | GC: 0.0ms)
  Rendered layouts/_navigation.html.erb (Duration: 0.3ms | GC: 0.0ms)
  Rendered layout layouts/application.html.erb (Duration: 6.6ms | GC: 0.0ms)
Completed 200 OK in 3334ms (Views: 13.6ms | ActiveRecord: 0.0ms (0 queries, 0 cached) | GC: 0.0ms)


Started GET "/assets/semantic-ui-css/semantic.min.css" for ::1 at 2025-04-22 13:14:27 +0500
Started GET "/" for ::1 at 2025-04-22 13:19:52 +0500
Processing by ChatroomController#index as HTML
  Rendering layout layouts/application.html.erb
  Rendering chatroom/index.html.erb within layouts/application
  Rendered chatroom/index.html.erb within layouts/application (Duration: 0.7ms | GC: 0.0ms)
  Rendered layouts/_navigation.html.erb (Duration: 0.2ms | GC: 0.0ms)
  Rendered layout layouts/application.html.erb (Duration: 6.7ms | GC: 0.0ms)
Completed 200 OK in 3116ms (Views: 13.4ms | ActiveRecord: 0.0ms (0 queries, 0 cached) | GC: 0.0ms)


Started GET "/assets/semantic-ui-css/semantic.min.css" for ::1 at 2025-04-22 13:19:56 +0500
Started GET "/" for ::1 at 2025-04-22 13:29:24 +0500
Processing by ChatroomController#index as HTML
  Rendering layout layouts/application.html.erb
  Rendering chatroom/index.html.erb within layouts/application
  Rendered chatroom/index.html.erb within layouts/application (Duration: 0.3ms | GC: 0.0ms)
  Rendered layouts/_navigation.html.erb (Duration: 0.0ms | GC: 0.0ms)
  Rendered layout layouts/application.html.erb (Duration: 2.0ms | GC: 0.0ms)
Completed 200 OK in 3230ms (Views: 2.4ms | ActiveRecord: 0.0ms (0 queries, 0 cached) | GC: 0.0ms)


Started GET "/assets/semantic-ui-css/semantic.min.css" for ::1 at 2025-04-22 13:29:28 +0500
  [1m[36mActiveRecord::InternalMetadata Load (0.1ms)[0m  [1m[34mSELECT * FROM "ar_internal_metadata" WHERE "ar_internal_metadata"."key" = 'environment' ORDER BY "ar_internal_metadata"."key" ASC LIMIT 1 /*application='MessageMe'*/[0m
  [1m[36mActiveRecord::InternalMetadata Create (69.4ms)[0m  [1m[32mINSERT INTO "ar_internal_metadata" ("key", "value", "created_at", "updated_at") VALUES ('environment', 'development', '2025-04-22 09:37:19.520107', '2025-04-22 09:37:19.520109') RETURNING "key" /*application='MessageMe'*/[0m
  [1m[36mActiveRecord::SchemaMigration Load (0.1ms)[0m  [1m[34mSELECT "schema_migrations"."version" FROM "schema_migrations" ORDER BY "schema_migrations"."version" ASC /*application='MessageMe'*/[0m
Migrating to CreateUsers (20250422093328)
  [1m[36mTRANSACTION (0.0ms)[0m  [1m[35mBEGIN immediate TRANSACTION /*application='MessageMe'*/[0m
  [1m[35m (2.0ms)[0m  [1m[35mCREATE TABLE "users" ("id" integer PRIMARY KEY AUTOINCREMENT NOT NULL, "username" varchar, "password_digest" varchar, "created_at" datetime(6) NOT NULL, "updated_at" datetime(6) NOT NULL) /*application='MessageMe'*/[0m
  [1m[36mActiveRecord::SchemaMigration Create (0.1ms)[0m  [1m[32mINSERT INTO "schema_migrations" ("version") VALUES ('20250422093328') RETURNING "version" /*application='MessageMe'*/[0m
  [1m[36mTRANSACTION (0.2ms)[0m  [1m[35mCOMMIT TRANSACTION /*application='MessageMe'*/[0m
  [1m[36mActiveRecord::SchemaMigration Load (0.1ms)[0m  [1m[34mSELECT "schema_migrations"."version" FROM "schema_migrations" ORDER BY "schema_migrations"."version" ASC /*application='MessageMe'*/[0m
  [1m[36mUser Load (4.7ms)[0m  [1m[34mSELECT "users".* FROM "users" /* loading for pp */ LIMIT 11 /*application='MessageMe'*/[0m
  [1m[36mTRANSACTION (0.1ms)[0m  [1m[35mBEGIN immediate TRANSACTION /*application='MessageMe'*/[0m
  [1m[36mUser Exists? (0.5ms)[0m  [1m[34mSELECT 1 AS one FROM "users" WHERE LOWER("users"."username") = LOWER('Mashrur') LIMIT 1 /*application='MessageMe'*/[0m
  [1m[36mUser Create (0.2ms)[0m  [1m[32mINSERT INTO "users" ("username", "password_digest", "created_at", "updated_at") VALUES ('Mashrur', '$2a$12$Fczdv2vEbasgCm2WVUbj8.Op9BT/S0Uhazuen/WU24doax.HR23n2', '2025-04-22 09:39:51.578690', '2025-04-22 09:39:51.578690') RETURNING "id" /*application='MessageMe'*/[0m
  [1m[36mTRANSACTION (84.6ms)[0m  [1m[35mCOMMIT TRANSACTION /*application='MessageMe'*/[0m
  [1m[36mUser Load (0.1ms)[0m  [1m[34mSELECT "users".* FROM "users" /* loading for pp */ LIMIT 11 /*application='MessageMe'*/[0m
  [1m[36mActiveRecord::SchemaMigration Load (0.1ms)[0m  [1m[34mSELECT "schema_migrations"."version" FROM "schema_migrations" ORDER BY "schema_migrations"."version" ASC /*application='MessageMe'*/[0m
  [1m[36mTRANSACTION (0.1ms)[0m  [1m[35mBEGIN immediate TRANSACTION /*application='MessageMe'*/[0m
  [1m[36mUser Exists? (2.5ms)[0m  [1m[34mSELECT 1 AS one FROM "users" WHERE LOWER("users"."username") = LOWER('Evgeny') LIMIT 1 /*application='MessageMe'*/[0m
  [1m[36mUser Create (0.1ms)[0m  [1m[32mINSERT INTO "users" ("username", "password_digest", "created_at", "updated_at") VALUES ('Evgeny', '$2a$12$Lphyhl.wh/V6jRufNplMiegDnsxAwxCKjt0E14kVxwiGnjzmm48wG', '2025-04-22 09:43:51.341776', '2025-04-22 09:43:51.341776') RETURNING "id" /*application='MessageMe'*/[0m
  [1m[36mTRANSACTION (61.1ms)[0m  [1m[35mCOMMIT TRANSACTION /*application='MessageMe'*/[0m
  [1m[36mTRANSACTION (0.1ms)[0m  [1m[35mBEGIN immediate TRANSACTION /*application='MessageMe'*/[0m
  [1m[36mUser Exists? (2.9ms)[0m  [1m[34mSELECT 1 AS one FROM "users" WHERE LOWER("users"."username") = LOWER('Jonsnow') LIMIT 1 /*application='MessageMe'*/[0m
  [1m[36mUser Create (0.1ms)[0m  [1m[32mINSERT INTO "users" ("username", "password_digest", "created_at", "updated_at") VALUES ('Jonsnow', '$2a$12$eeBSKtGK/H88IBOTTE5ME.7gUO4EoVEiXiMeu6h.0j/iqGhX6tx4S', '2025-04-22 09:43:51.572468', '2025-04-22 09:43:51.572468') RETURNING "id" /*application='MessageMe'*/[0m
  [1m[36mTRANSACTION (0.1ms)[0m  [1m[35mCOMMIT TRANSACTION /*application='MessageMe'*/[0m
  [1m[36mTRANSACTION (0.1ms)[0m  [1m[35mBEGIN immediate TRANSACTION /*application='MessageMe'*/[0m
  [1m[36mUser Exists? (2.6ms)[0m  [1m[34mSELECT 1 AS one FROM "users" WHERE LOWER("users"."username") = LOWER('Arya') LIMIT 1 /*application='MessageMe'*/[0m
  [1m[36mUser Create (0.1ms)[0m  [1m[32mINSERT INTO "users" ("username", "password_digest", "created_at", "updated_at") VALUES ('Arya', '$2a$12$DuYS0k.z7N4KWKelfGOhYOEur9RGdSFp0DJI0QffKhGKvlBAQbIci', '2025-04-22 09:43:51.740561', '2025-04-22 09:43:51.740561') RETURNING "id" /*application='MessageMe'*/[0m
  [1m[36mTRANSACTION (0.1ms)[0m  [1m[35mCOMMIT TRANSACTION /*application='MessageMe'*/[0m
  [1m[36mTRANSACTION (0.1ms)[0m  [1m[35mBEGIN immediate TRANSACTION /*application='MessageMe'*/[0m
  [1m[36mUser Exists? (2.5ms)[0m  [1m[34mSELECT 1 AS one FROM "users" WHERE LOWER("users"."username") = LOWER('Frodo') LIMIT 1 /*application='MessageMe'*/[0m
  [1m[36mUser Create (0.1ms)[0m  [1m[32mINSERT INTO "users" ("username", "password_digest", "created_at", "updated_at") VALUES ('Frodo', '$2a$12$35XcRpYu2mbEBAEcB0lhBuXwI9hVR6w6MS.6tEyglUfoW6PqrSjTu', '2025-04-22 09:43:51.915313', '2025-04-22 09:43:51.915313') RETURNING "id" /*application='MessageMe'*/[0m
  [1m[36mTRANSACTION (0.1ms)[0m  [1m[35mCOMMIT TRANSACTION /*application='MessageMe'*/[0m
  [1m[36mTRANSACTION (0.1ms)[0m  [1m[35mBEGIN immediate TRANSACTION /*application='MessageMe'*/[0m
  [1m[36mUser Exists? (2.5ms)[0m  [1m[34mSELECT 1 AS one FROM "users" WHERE LOWER("users"."username") = LOWER('Gandalf') LIMIT 1 /*application='MessageMe'*/[0m
  [1m[36mUser Create (0.1ms)[0m  [1m[32mINSERT INTO "users" ("username", "password_digest", "created_at", "updated_at") VALUES ('Gandalf', '$2a$12$S9n3iMAduPCa59VwfUSQJuKcQq.yvHzvK6HgP7m8Lz6X24lcm8Ujq', '2025-04-22 09:43:52.089940', '2025-04-22 09:43:52.089940') RETURNING "id" /*application='MessageMe'*/[0m
  [1m[36mTRANSACTION (0.1ms)[0m  [1m[35mCOMMIT TRANSACTION /*application='MessageMe'*/[0m
  [1m[36mUser Load (5.5ms)[0m  [1m[34mSELECT "users".* FROM "users" /* loading for pp */ LIMIT 11 /*application='MessageMe'*/[0m
  [1m[36mActiveRecord::InternalMetadata Load (0.1ms)[0m  [1m[34mSELECT * FROM "ar_internal_metadata" WHERE "ar_internal_metadata"."key" = 'environment' ORDER BY "ar_internal_metadata"."key" ASC LIMIT 1 /*application='MessageMe'*/[0m
  [1m[36mActiveRecord::SchemaMigration Load (0.0ms)[0m  [1m[34mSELECT "schema_migrations"."version" FROM "schema_migrations" ORDER BY "schema_migrations"."version" ASC /*application='MessageMe'*/[0m
Migrating to CreateMessages (20250422100442)
  [1m[36mTRANSACTION (0.0ms)[0m  [1m[35mBEGIN immediate TRANSACTION /*application='MessageMe'*/[0m
  [1m[35m (1.9ms)[0m  [1m[35mCREATE TABLE "messages" ("id" integer PRIMARY KEY AUTOINCREMENT NOT NULL, "body" text, "user_id" integer, "created_at" datetime(6) NOT NULL, "updated_at" datetime(6) NOT NULL) /*application='MessageMe'*/[0m
  [1m[36mActiveRecord::SchemaMigration Create (0.1ms)[0m  [1m[32mINSERT INTO "schema_migrations" ("version") VALUES ('20250422100442') RETURNING "version" /*application='MessageMe'*/[0m
  [1m[36mTRANSACTION (60.6ms)[0m  [1m[35mCOMMIT TRANSACTION /*application='MessageMe'*/[0m
  [1m[36mActiveRecord::SchemaMigration Load (0.0ms)[0m  [1m[34mSELECT "schema_migrations"."version" FROM "schema_migrations" ORDER BY "schema_migrations"."version" ASC /*application='MessageMe'*/[0m
  [1m[36mUser Load (0.1ms)[0m  [1m[34mSELECT "users".* FROM "users" ORDER BY "users"."id" DESC LIMIT 1 /*application='MessageMe'*/[0m
  [1m[36mTRANSACTION (0.0ms)[0m  [1m[35mBEGIN immediate TRANSACTION /*application='MessageMe'*/[0m
  [1m[36mMessage Create (0.5ms)[0m  [1m[32mINSERT INTO "messages" ("body", "user_id", "created_at", "updated_at") VALUES ('Hi I''m a new message', NULL, '2025-04-22 10:08:30.843637', '2025-04-22 10:08:30.843637') RETURNING "id" /*application='MessageMe'*/[0m
  [1m[36mTRANSACTION (457.0ms)[0m  [1m[35mCOMMIT TRANSACTION /*application='MessageMe'*/[0m
  [1m[36mMessage Load (0.1ms)[0m  [1m[34mSELECT "messages".* FROM "messages" /* loading for pp */ LIMIT 11 /*application='MessageMe'*/[0m
  [1m[36mUser Load (0.1ms)[0m  [1m[34mSELECT "users".* FROM "users" ORDER BY "users"."id" DESC LIMIT 1 /*application='MessageMe'*/[0m
  [1m[36mMessage Update All (0.1ms)[0m  [1m[33mUPDATE "messages" SET "user_id" = 6 /*application='MessageMe'*/[0m
  [1m[36mMessage Load (0.1ms)[0m  [1m[34mSELECT "messages".* FROM "messages" /* loading for pp */ LIMIT 11 /*application='MessageMe'*/[0m
